20:53:00 INFO  Starting VentaServiceApplication using Java 21.0.10 with PID 13996 (D:\Proyectos\Ferreteria\venta-service\target\classes started by hecto in D:\Proyectos\Ferreteria\venta-service)
20:53:00 INFO  No active profile set, falling back to 1 default profile: "default"
20:53:00 INFO  Devtools property defaults active! Set 'spring.devtools.add-properties' to 'false' to disable
20:53:00 INFO  For additional web related logging consider setting the 'logging.level.web' property to 'DEBUG'
20:53:02 INFO  Bootstrapping Spring Data JPA repositories in DEFAULT mode.
20:53:02 INFO  Finished Spring Data repository scanning in 245 ms. Found 1 JPA repository interface.
20:53:03 INFO  BeanFactory id=8f526397-73a9-3ddc-8c7e-0221c0511bd7
20:53:04 INFO  Tomcat initialized with port 9094 (http)
20:53:04 INFO  Starting service [Tomcat]
20:53:04 INFO  Starting Servlet engine: [Apache Tomcat/11.0.21]
20:53:04 INFO  Root WebApplicationContext: initialization completed in 3665 ms
20:53:04 INFO  HikariPool-1 - Starting...
20:53:05 INFO  HikariPool-1 - Added connection com.mysql.cj.jdbc.ConnectionImpl@610a5c30
20:53:05 INFO  HikariPool-1 - Start completed.
20:53:07 INFO  Creating database changelog table with name: db_ventas.databasechangelog
20:53:07 INFO  Reading from db_ventas.databasechangelog
20:53:07 INFO  Creating snapshot
20:53:07 INFO  Name 'PK_DATABASECHANGELOGLOCK' ignored for PRIMARY key.
20:53:07 INFO  Successfully acquired change log lock
20:53:07 INFO  Using deploymentId: 9929584813
20:53:07 INFO  Reading from db_ventas.databasechangelog
20:53:07 INFO  Running Changeset: db/changelog/db.changelog.sql::1::hector
20:53:08 INFO  Custom SQL executed
20:53:08 INFO  ChangeSet db/changelog/db.changelog.sql::1::hector ran successfully in 43ms
20:53:08 INFO  Running Changeset: db/changelog/db.changelog.sql::2::hector
20:53:08 INFO  Custom SQL executed
20:53:08 INFO  ChangeSet db/changelog/db.changelog.sql::2::hector ran successfully in 68ms
20:53:08 INFO  Running Changeset: db/changelog/db.changelog.sql::3::hector
20:53:08 INFO  Custom SQL executed
20:53:08 INFO  ChangeSet db/changelog/db.changelog.sql::3::hector ran successfully in 21ms
20:53:08 INFO  Running Changeset: db/changelog/db.changelog.sql::4::hector
20:53:08 INFO  Custom SQL executed
20:53:08 INFO  ChangeSet db/changelog/db.changelog.sql::4::hector ran successfully in 14ms
20:53:08 INFO  UPDATE SUMMARY
20:53:08 INFO  Run:                          4
20:53:08 INFO  Previously run:               0
20:53:08 INFO  Filtered out:                 0
20:53:08 INFO  -------------------------------
20:53:08 INFO  Total change sets:            4
20:53:08 INFO  Update summary generated
20:53:08 INFO  Update command completed successfully.
20:53:08 INFO  Liquibase: Update has been successful. Rows affected: 20
20:53:08 INFO  Successfully released change log lock
20:53:08 INFO  Command execution complete
20:53:08 INFO  HHH008540: Processing PersistenceUnitInfo [name: default]
20:53:08 INFO  HHH000001: Hibernate ORM core version 7.2.12.Final
20:53:09 INFO  No LoadTimeWeaver setup: ignoring JPA class transformer
20:53:09 WARN  HHH000511: The 5.5.5 version for [org.hibernate.dialect.MySQLDialect] is no longer supported, hence certain features may not work properly.The minimum supported version is 8.0.0. Check the community dialects project for available legacy versions.
20:53:10 INFO  HHH10001005: Database info:
	Database JDBC URL [jdbc:mysql://localhost:3306/db_ventas?useSSL=false&serverTimezone=UTC&createDatabaseIfNotExist=true]
	Database driver: MySQL Connector/J
	Database dialect: MySQLDialect
	Database version: 5.5.5
	Default catalog/schema: db_ventas/undefined
	Autocommit mode: undefined/unknown
	Isolation level: REPEATABLE_READ [default REPEATABLE_READ]
	JDBC fetch size: none
	Pool: DataSourceConnectionProvider
	Minimum pool size: undefined/unknown
	Maximum pool size: undefined/unknown
20:53:11 INFO  HHH000489: No JTA platform available (set 'hibernate.transaction.jta.platform' to enable JTA platform integration)
20:53:11 INFO  Initialized JPA EntityManagerFactory for persistence unit 'default'
20:53:11 INFO  Hibernate is in classpath; If applicable, HQL parser will be used.
20:53:13 WARN  spring.jpa.open-in-view is enabled by default. Therefore, database queries may be performed during view rendering. Explicitly configure spring.jpa.open-in-view to disable this warning
20:53:14 INFO  Eureka HTTP Client uses RestClient.
20:53:14 WARN  Spring Cloud LoadBalancer is currently working with the default cache. While this cache implementation is useful for development and tests, it's recommended to use Caffeine cache in production.You can switch to using Caffeine cache, by adding it and org.springframework.cache.caffeine.CaffeineCacheManager to the classpath.
20:53:14 INFO  Setting initial instance status as: STARTING
20:53:14 INFO  Initializing Eureka in region us-east-1
20:53:14 INFO  Client configured to neither register nor query for data.
20:53:14 INFO  Discovery Client initialized at timestamp 1779929594329 with initial instances count: 0
20:53:14 INFO  Registering application VENTA-SERVICE with eureka with status UP
20:53:14 INFO  Tomcat started on port 9094 (http) with context path '/'
20:53:14 INFO  Updating port to 9094
20:53:14 INFO  Started VentaServiceApplication in 14.878 seconds (process running for 16.428)
21:05:03 INFO  Initializing Spring DispatcherServlet 'dispatcherServlet'
21:05:03 INFO  Initializing Servlet 'dispatcherServlet'
21:05:03 INFO  Completed initialization in 9 ms
21:05:03 INFO  GET /api/ventas - Solicitud para listar todas las ventas
21:05:03 INFO  Listando todas las ventas desde la base de datos
21:13:02 INFO  POST /api/ventas - Solicitud para crear venta. Usuario ID: 11
21:13:02 INFO  Iniciando procesamiento de venta para Usuario ID: 11
21:13:03 INFO  Guardando datos de la venta en base de datos...
21:13:04 INFO  Iniciando actualización de stock en inventario-service (Puerto 9093) para 1 productos
21:13:04 INFO  Procesamiento de venta finalizado exitosamente. ID final: 11
21:13:04 INFO  Venta creada exitosamente con ID: 11
21:13:44 INFO  GET /api/ventas - Solicitud para listar todas las ventas
21:13:44 INFO  Listando todas las ventas desde la base de datos
21:14:51 INFO  GET /api/ventas/11 - Solicitud para obtener venta por ID
21:14:51 INFO  Buscando venta con ID: 11
