19:26:27 INFO  Starting UsuarioServiceApplication using Java 21.0.10 with PID 14008 (D:\Proyectos\Ferreteria\usuario-service\target\classes started by hecto in D:\Proyectos\Ferreteria\usuario-service)
19:26:27 INFO  No active profile set, falling back to 1 default profile: "default"
19:26:28 INFO  Devtools property defaults active! Set 'spring.devtools.add-properties' to 'false' to disable
19:26:28 INFO  For additional web related logging consider setting the 'logging.level.web' property to 'DEBUG'
19:26:31 INFO  Bootstrapping Spring Data JPA repositories in DEFAULT mode.
19:26:32 INFO  Finished Spring Data repository scanning in 748 ms. Found 1 JPA repository interface.
19:26:33 INFO  BeanFactory id=381c88e6-f872-3fd8-be1d-a22f066a8098
19:26:36 INFO  Tomcat initialized with port 9092 (http)
19:26:36 INFO  Starting service [Tomcat]
19:26:36 INFO  Starting Servlet engine: [Apache Tomcat/11.0.21]
19:26:36 INFO  Root WebApplicationContext: initialization completed in 8545 ms
19:26:37 INFO  HikariPool-1 - Starting...
19:26:38 INFO  HikariPool-1 - Added connection com.mysql.cj.jdbc.ConnectionImpl@4fe739f
19:26:38 INFO  HikariPool-1 - Start completed.
19:26:42 INFO  Creating database changelog table with name: db_usuarios.databasechangelog
19:26:42 INFO  Reading from db_usuarios.databasechangelog
19:26:42 INFO  Creating snapshot
19:26:42 INFO  Name 'PK_DATABASECHANGELOGLOCK' ignored for PRIMARY key.
19:26:43 INFO  Successfully acquired change log lock
19:26:43 INFO  Using deploymentId: 1047597183
19:26:43 INFO  Reading from db_usuarios.databasechangelog
19:26:43 INFO  Running Changeset: db/changelog/db.changelog.sql::1::hector
19:26:43 INFO  Custom SQL executed
19:26:43 INFO  ChangeSet db/changelog/db.changelog.sql::1::hector ran successfully in 84ms
19:26:43 INFO  Running Changeset: db/changelog/db.changelog.sql::2::hector
19:26:43 INFO  Custom SQL executed
19:26:43 INFO  ChangeSet db/changelog/db.changelog.sql::2::hector ran successfully in 18ms
19:26:43 INFO  UPDATE SUMMARY
19:26:43 INFO  Run:                          2
19:26:43 INFO  Previously run:               0
19:26:43 INFO  Filtered out:                 0
19:26:43 INFO  -------------------------------
19:26:43 INFO  Total change sets:            2
19:26:43 INFO  Update summary generated
19:26:43 INFO  Update command completed successfully.
19:26:43 INFO  Liquibase: Update has been successful. Rows affected: 10
19:26:43 INFO  Successfully released change log lock
19:26:43 INFO  Command execution complete
19:26:43 INFO  HHH008540: Processing PersistenceUnitInfo [name: default]
19:26:43 INFO  HHH000001: Hibernate ORM core version 7.2.12.Final
19:26:45 INFO  No LoadTimeWeaver setup: ignoring JPA class transformer
19:26:46 WARN  HHH000511: The 5.5.5 version for [org.hibernate.dialect.MySQLDialect] is no longer supported, hence certain features may not work properly.The minimum supported version is 8.0.0. Check the community dialects project for available legacy versions.
19:26:46 INFO  HHH10001005: Database info:
	Database JDBC URL [jdbc:mysql://localhost:3306/db_usuarios?useSSL=false&serverTimezone=UTC&createDatabaseIfNotExist=true]
	Database driver: MySQL Connector/J
	Database dialect: MySQLDialect
	Database version: 5.5.5
	Default catalog/schema: db_usuarios/undefined
	Autocommit mode: undefined/unknown
	Isolation level: REPEATABLE_READ [default REPEATABLE_READ]
	JDBC fetch size: none
	Pool: DataSourceConnectionProvider
	Minimum pool size: undefined/unknown
	Maximum pool size: undefined/unknown
19:26:49 INFO  HHH000489: No JTA platform available (set 'hibernate.transaction.jta.platform' to enable JTA platform integration)
19:26:49 INFO  Initialized JPA EntityManagerFactory for persistence unit 'default'
19:26:49 INFO  Hibernate is in classpath; If applicable, HQL parser will be used.
19:26:50 WARN  spring.jpa.open-in-view is enabled by default. Therefore, database queries may be performed during view rendering. Explicitly configure spring.jpa.open-in-view to disable this warning
19:26:51 INFO  Eureka HTTP Client uses RestClient.
19:26:51 WARN  Spring Cloud LoadBalancer is currently working with the default cache. While this cache implementation is useful for development and tests, it's recommended to use Caffeine cache in production.You can switch to using Caffeine cache, by adding it and org.springframework.cache.caffeine.CaffeineCacheManager to the classpath.
19:26:52 INFO  Setting initial instance status as: STARTING
19:26:52 INFO  Initializing Eureka in region us-east-1
19:26:52 INFO  Resolving eureka endpoints via configuration
19:26:52 INFO  Disable delta property : false
19:26:52 INFO  Single vip registry refresh property : null
19:26:52 INFO  Force full registry fetch : false
19:26:52 INFO  Application is null : false
19:26:52 INFO  Registered Applications size is zero : true
19:26:52 INFO  Application version is -1: true
19:26:52 INFO  Getting all instance registry info from the eureka server
19:26:53 INFO  The response status is 200
19:26:53 INFO  Starting heartbeat executor: renew interval is: 30
19:26:53 INFO  InstanceInfoReplicator onDemand update allowed rate per min is 4
19:26:53 INFO  Discovery Client initialized at timestamp 1781047613335 with initial instances count: 1
19:26:53 INFO  Registering application USUARIO-SERVICE with eureka with status UP
19:26:53 INFO  Saw local status change event StatusChangeEvent [timestamp=1781047613352, current=UP, previous=STARTING]
19:26:53 INFO  DiscoveryClient_USUARIO-SERVICE/Hector:usuario-service:9092: registering service...
19:26:53 INFO  Tomcat started on port 9092 (http) with context path '/'
19:26:53 INFO  Updating port to 9092
19:26:53 INFO  Started UsuarioServiceApplication in 28.167 seconds (process running for 32.662)
19:26:53 INFO  DiscoveryClient_USUARIO-SERVICE/Hector:usuario-service:9092 - registration status: 204
19:30:05 INFO  Initializing Spring DispatcherServlet 'dispatcherServlet'
19:30:05 INFO  Initializing Servlet 'dispatcherServlet'
19:30:05 INFO  Completed initialization in 3 ms
19:30:05 INFO  POST /api/usuarios - Solicitud para registrar un nuevo usuario: eduardo111@gmail.com
19:30:05 INFO  Iniciando guardado de nuevo usuario. Email: eduardo111@gmail.com
19:30:05 INFO  Usuario registrado exitosamente con ID: 11
19:31:52 INFO  Resolving eureka endpoints via configuration
19:36:32 INFO  GET /api/usuarios/11 - Solicitud para obtener usuario por ID
19:36:32 INFO  Buscando usuario en base de datos con ID: 11
19:36:52 INFO  Resolving eureka endpoints via configuration
19:41:31 INFO  GET /api/usuarios/1 - Solicitud para obtener usuario por ID
19:41:31 INFO  Buscando usuario en base de datos con ID: 1
19:41:52 INFO  Resolving eureka endpoints via configuration
19:46:52 INFO  Resolving eureka endpoints via configuration
19:51:52 INFO  Resolving eureka endpoints via configuration
19:54:36 INFO  GET /api/usuarios/2 - Solicitud para obtener usuario por ID
19:54:36 INFO  Buscando usuario en base de datos con ID: 2
19:54:39 INFO  GET /api/usuarios/2 - Solicitud para obtener usuario por ID
19:54:39 INFO  Buscando usuario en base de datos con ID: 2
19:54:42 INFO  GET /api/usuarios/2 - Solicitud para obtener usuario por ID
19:54:42 INFO  Buscando usuario en base de datos con ID: 2
19:54:44 INFO  GET /api/usuarios/2 - Solicitud para obtener usuario por ID
19:54:44 INFO  Buscando usuario en base de datos con ID: 2
19:54:45 INFO  GET /api/usuarios/2 - Solicitud para obtener usuario por ID
19:54:45 INFO  Buscando usuario en base de datos con ID: 2
19:54:47 INFO  GET /api/usuarios/2 - Solicitud para obtener usuario por ID
19:54:47 INFO  Buscando usuario en base de datos con ID: 2
19:54:48 INFO  GET /api/usuarios/2 - Solicitud para obtener usuario por ID
19:54:48 INFO  Buscando usuario en base de datos con ID: 2
19:56:52 INFO  Resolving eureka endpoints via configuration
20:01:52 INFO  Resolving eureka endpoints via configuration
20:03:53 INFO  GET /api/usuarios/2 - Solicitud para obtener usuario por ID
20:03:53 INFO  Buscando usuario en base de datos con ID: 2
20:03:55 INFO  GET /api/usuarios/2 - Solicitud para obtener usuario por ID
20:03:55 INFO  Buscando usuario en base de datos con ID: 2
20:03:57 INFO  GET /api/usuarios/2 - Solicitud para obtener usuario por ID
20:03:57 INFO  Buscando usuario en base de datos con ID: 2
20:04:30 INFO  GET /api/usuarios/2 - Solicitud para obtener usuario por ID
20:04:30 INFO  Buscando usuario en base de datos con ID: 2
20:04:39 INFO  GET /api/usuarios/1 - Solicitud para obtener usuario por ID
20:04:39 INFO  Buscando usuario en base de datos con ID: 1
20:04:42 INFO  GET /api/usuarios/1 - Solicitud para obtener usuario por ID
20:04:42 INFO  Buscando usuario en base de datos con ID: 1
20:06:52 INFO  Resolving eureka endpoints via configuration
22:09:37 INFO  Starting UsuarioServiceApplication using Java 21.0.10 with PID 15720 (D:\Proyectos\Ferreteria\usuario-service\target\classes started by hecto in D:\Proyectos\Ferreteria\usuario-service)
22:09:37 INFO  No active profile set, falling back to 1 default profile: "default"
22:09:38 INFO  Devtools property defaults active! Set 'spring.devtools.add-properties' to 'false' to disable
22:09:38 INFO  For additional web related logging consider setting the 'logging.level.web' property to 'DEBUG'
22:09:47 INFO  Bootstrapping Spring Data JPA repositories in DEFAULT mode.
22:09:50 INFO  Finished Spring Data repository scanning in 2798 ms. Found 1 JPA repository interface.
22:09:54 INFO  BeanFactory id=381c88e6-f872-3fd8-be1d-a22f066a8098
22:10:06 INFO  Tomcat initialized with port 9092 (http)
22:10:06 INFO  Starting service [Tomcat]
22:10:06 INFO  Starting Servlet engine: [Apache Tomcat/11.0.21]
22:10:07 INFO  Root WebApplicationContext: initialization completed in 29580 ms
22:10:13 INFO  HikariPool-1 - Starting...
22:10:16 INFO  HikariPool-1 - Added connection com.mysql.cj.jdbc.ConnectionImpl@cef9259
22:10:16 INFO  HikariPool-1 - Start completed.
22:10:23 INFO  Creating database changelog table with name: db_usuarios.databasechangelog
22:10:25 INFO  Reading from db_usuarios.databasechangelog
22:10:25 INFO  Creating snapshot
22:10:26 INFO  Name 'PK_DATABASECHANGELOGLOCK' ignored for PRIMARY key.
22:10:27 INFO  Successfully acquired change log lock
22:10:27 INFO  Using deploymentId: 1057409248
22:10:27 INFO  Reading from db_usuarios.databasechangelog
22:10:27 INFO  Running Changeset: db/changelog/db.changelog.sql::1::hector
22:10:27 INFO  Custom SQL executed
22:10:27 INFO  ChangeSet db/changelog/db.changelog.sql::1::hector ran successfully in 138ms
22:10:27 INFO  Running Changeset: db/changelog/db.changelog.sql::2::hector
22:10:27 INFO  Custom SQL executed
22:10:27 INFO  ChangeSet db/changelog/db.changelog.sql::2::hector ran successfully in 60ms
22:10:27 INFO  UPDATE SUMMARY
22:10:27 INFO  Run:                          2
22:10:27 INFO  Previously run:               0
22:10:27 INFO  Filtered out:                 0
22:10:27 INFO  -------------------------------
22:10:27 INFO  Total change sets:            2
22:10:27 INFO  Update summary generated
22:10:27 INFO  Update command completed successfully.
22:10:27 INFO  Liquibase: Update has been successful. Rows affected: 10
22:10:27 INFO  Successfully released change log lock
22:10:27 INFO  Command execution complete
22:10:28 INFO  HHH008540: Processing PersistenceUnitInfo [name: default]
22:10:28 INFO  HHH000001: Hibernate ORM core version 7.2.12.Final
22:10:34 INFO  No LoadTimeWeaver setup: ignoring JPA class transformer
22:10:35 WARN  HHH000511: The 5.5.5 version for [org.hibernate.dialect.MySQLDialect] is no longer supported, hence certain features may not work properly.The minimum supported version is 8.0.0. Check the community dialects project for available legacy versions.
22:10:35 INFO  HHH10001005: Database info:
	Database JDBC URL [jdbc:mysql://localhost:3306/db_usuarios?useSSL=false&serverTimezone=UTC&createDatabaseIfNotExist=true]
	Database driver: MySQL Connector/J
	Database dialect: MySQLDialect
	Database version: 5.5.5
	Default catalog/schema: db_usuarios/undefined
	Autocommit mode: undefined/unknown
	Isolation level: REPEATABLE_READ [default REPEATABLE_READ]
	JDBC fetch size: none
	Pool: DataSourceConnectionProvider
	Minimum pool size: undefined/unknown
	Maximum pool size: undefined/unknown
22:10:40 INFO  HHH000489: No JTA platform available (set 'hibernate.transaction.jta.platform' to enable JTA platform integration)
22:10:41 INFO  Initialized JPA EntityManagerFactory for persistence unit 'default'
22:10:41 INFO  Hibernate is in classpath; If applicable, HQL parser will be used.
22:10:42 WARN  spring.jpa.open-in-view is enabled by default. Therefore, database queries may be performed during view rendering. Explicitly configure spring.jpa.open-in-view to disable this warning
22:10:47 INFO  Eureka HTTP Client uses RestClient.
22:10:47 WARN  Spring Cloud LoadBalancer is currently working with the default cache. While this cache implementation is useful for development and tests, it's recommended to use Caffeine cache in production.You can switch to using Caffeine cache, by adding it and org.springframework.cache.caffeine.CaffeineCacheManager to the classpath.
22:10:48 INFO  Setting initial instance status as: STARTING
22:10:48 INFO  Initializing Eureka in region us-east-1
22:10:48 INFO  Resolving eureka endpoints via configuration
22:10:48 INFO  Disable delta property : false
22:10:48 INFO  Single vip registry refresh property : null
22:10:48 INFO  Force full registry fetch : false
22:10:48 INFO  Application is null : false
22:10:48 INFO  Registered Applications size is zero : true
22:10:48 INFO  Application version is -1: true
22:10:48 INFO  Getting all instance registry info from the eureka server
22:10:50 INFO  The response status is 200
22:10:50 INFO  Starting heartbeat executor: renew interval is: 30
22:10:50 INFO  InstanceInfoReplicator onDemand update allowed rate per min is 4
22:10:50 INFO  Discovery Client initialized at timestamp 1781057450613 with initial instances count: 5
22:10:50 INFO  Registering application USUARIO-SERVICE with eureka with status UP
22:10:50 INFO  Saw local status change event StatusChangeEvent [timestamp=1781057450643, current=UP, previous=STARTING]
22:10:50 INFO  DiscoveryClient_USUARIO-SERVICE/Hector:usuario-service:9092: registering service...
22:10:50 INFO  Tomcat started on port 9092 (http) with context path '/'
22:10:50 INFO  Updating port to 9092
22:10:50 INFO  Started UsuarioServiceApplication in 79.178 seconds (process running for 82.947)
22:10:51 INFO  DiscoveryClient_USUARIO-SERVICE/Hector:usuario-service:9092 - registration status: 204
22:15:48 INFO  Resolving eureka endpoints via configuration
22:20:48 INFO  Resolving eureka endpoints via configuration
22:25:48 INFO  Resolving eureka endpoints via configuration
22:30:48 INFO  Resolving eureka endpoints via configuration
22:35:48 INFO  Resolving eureka endpoints via configuration
22:40:48 INFO  Resolving eureka endpoints via configuration
22:45:48 INFO  Resolving eureka endpoints via configuration
22:50:48 INFO  Resolving eureka endpoints via configuration
22:55:48 INFO  Resolving eureka endpoints via configuration
23:00:48 INFO  Resolving eureka endpoints via configuration
23:05:48 INFO  Resolving eureka endpoints via configuration
23:10:48 INFO  Resolving eureka endpoints via configuration
