19:26:32 INFO  Starting CatalogoServiceApplication using Java 21.0.10 with PID 6224 (D:\Proyectos\Ferreteria\catalogo-service\target\classes started by hecto in D:\Proyectos\Ferreteria\catalogo-service)
19:26:32 INFO  No active profile set, falling back to 1 default profile: "default"
19:26:33 INFO  Devtools property defaults active! Set 'spring.devtools.add-properties' to 'false' to disable
19:26:33 INFO  For additional web related logging consider setting the 'logging.level.web' property to 'DEBUG'
19:26:39 INFO  Bootstrapping Spring Data JPA repositories in DEFAULT mode.
19:26:40 INFO  Finished Spring Data repository scanning in 755 ms. Found 1 JPA repository interface.
19:26:41 INFO  BeanFactory id=be6f33fc-8bde-3422-acff-ba8f25e00320
19:26:43 INFO  Tomcat initialized with port 9091 (http)
19:26:43 INFO  Starting service [Tomcat]
19:26:43 INFO  Starting Servlet engine: [Apache Tomcat/11.0.21]
19:26:43 INFO  Root WebApplicationContext: initialization completed in 10454 ms
19:26:44 INFO  HikariPool-1 - Starting...
19:26:44 INFO  HikariPool-1 - Added connection com.mysql.cj.jdbc.ConnectionImpl@3266956a
19:26:44 INFO  HikariPool-1 - Start completed.
19:26:47 INFO  Creating database changelog table with name: db_catalogo.databasechangelog
19:26:48 INFO  Reading from db_catalogo.databasechangelog
19:26:48 INFO  Creating snapshot
19:26:48 INFO  Name 'PK_DATABASECHANGELOGLOCK' ignored for PRIMARY key.
19:26:48 INFO  Successfully acquired change log lock
19:26:48 INFO  Using deploymentId: 1047603992
19:26:48 INFO  Reading from db_catalogo.databasechangelog
19:26:48 INFO  Running Changeset: db/changelog/db.changelog.sql::1::hector
19:26:48 INFO  Custom SQL executed
19:26:48 INFO  ChangeSet db/changelog/db.changelog.sql::1::hector ran successfully in 51ms
19:26:48 INFO  Running Changeset: db/changelog/db.changelog.sql::2::hector
19:26:48 INFO  Custom SQL executed
19:26:48 INFO  ChangeSet db/changelog/db.changelog.sql::2::hector ran successfully in 26ms
19:26:48 INFO  UPDATE SUMMARY
19:26:48 INFO  Run:                          2
19:26:48 INFO  Previously run:               0
19:26:48 INFO  Filtered out:                 0
19:26:48 INFO  -------------------------------
19:26:48 INFO  Total change sets:            2
19:26:48 INFO  Update summary generated
19:26:48 INFO  Update command completed successfully.
19:26:48 INFO  Liquibase: Update has been successful. Rows affected: 10
19:26:48 INFO  Successfully released change log lock
19:26:48 INFO  Command execution complete
19:26:49 INFO  HHH008540: Processing PersistenceUnitInfo [name: default]
19:26:49 INFO  HHH000001: Hibernate ORM core version 7.2.12.Final
19:26:51 INFO  No LoadTimeWeaver setup: ignoring JPA class transformer
19:26:51 WARN  HHH000511: The 5.5.5 version for [org.hibernate.dialect.MySQLDialect] is no longer supported, hence certain features may not work properly.The minimum supported version is 8.0.0. Check the community dialects project for available legacy versions.
19:26:51 INFO  HHH10001005: Database info:
	Database JDBC URL [jdbc:mysql://localhost:3306/db_catalogo?useSSL=false&serverTimezone=UTC&createDatabaseIfNotExist=true]
	Database driver: MySQL Connector/J
	Database dialect: MySQLDialect
	Database version: 5.5.5
	Default catalog/schema: db_catalogo/undefined
	Autocommit mode: undefined/unknown
	Isolation level: REPEATABLE_READ [default REPEATABLE_READ]
	JDBC fetch size: none
	Pool: DataSourceConnectionProvider
	Minimum pool size: undefined/unknown
	Maximum pool size: undefined/unknown
19:26:54 INFO  HHH000489: No JTA platform available (set 'hibernate.transaction.jta.platform' to enable JTA platform integration)
19:26:54 INFO  Initialized JPA EntityManagerFactory for persistence unit 'default'
19:26:54 INFO  Hibernate is in classpath; If applicable, HQL parser will be used.
19:26:55 WARN  spring.jpa.open-in-view is enabled by default. Therefore, database queries may be performed during view rendering. Explicitly configure spring.jpa.open-in-view to disable this warning
19:26:56 INFO  Eureka HTTP Client uses RestClient.
19:26:57 WARN  Spring Cloud LoadBalancer is currently working with the default cache. While this cache implementation is useful for development and tests, it's recommended to use Caffeine cache in production.You can switch to using Caffeine cache, by adding it and org.springframework.cache.caffeine.CaffeineCacheManager to the classpath.
19:26:57 INFO  Setting initial instance status as: STARTING
19:26:57 INFO  Initializing Eureka in region us-east-1
19:26:57 INFO  Resolving eureka endpoints via configuration
19:26:57 INFO  Disable delta property : false
19:26:57 INFO  Single vip registry refresh property : null
19:26:57 INFO  Force full registry fetch : false
19:26:57 INFO  Application is null : false
19:26:57 INFO  Registered Applications size is zero : true
19:26:57 INFO  Application version is -1: true
19:26:57 INFO  Getting all instance registry info from the eureka server
19:26:58 INFO  The response status is 200
19:26:58 INFO  Starting heartbeat executor: renew interval is: 30
19:26:58 INFO  InstanceInfoReplicator onDemand update allowed rate per min is 4
19:26:58 INFO  Discovery Client initialized at timestamp 1781047618113 with initial instances count: 1
19:26:58 INFO  Registering application CATALOGO-SERVICE with eureka with status UP
19:26:58 INFO  Saw local status change event StatusChangeEvent [timestamp=1781047618127, current=UP, previous=STARTING]
19:26:58 INFO  DiscoveryClient_CATALOGO-SERVICE/Hector:catalogo-service:9091: registering service...
19:26:58 INFO  Tomcat started on port 9091 (http) with context path '/'
19:26:58 INFO  Updating port to 9091
19:26:58 INFO  Started CatalogoServiceApplication in 31.178 seconds (process running for 36.056)
19:26:58 INFO  DiscoveryClient_CATALOGO-SERVICE/Hector:catalogo-service:9091 - registration status: 204
19:31:57 INFO  Resolving eureka endpoints via configuration
19:36:32 INFO  Initializing Spring DispatcherServlet 'dispatcherServlet'
19:36:32 INFO  Initializing Servlet 'dispatcherServlet'
19:36:32 INFO  Completed initialization in 2 ms
19:36:33 INFO  GET /api/productos/1 - Solicitud para obtener producto por ID
19:36:33 INFO  Buscando producto activo con ID: 1
19:36:57 INFO  Resolving eureka endpoints via configuration
19:41:31 INFO  GET /api/productos/1 - Solicitud para obtener producto por ID
19:41:31 INFO  Buscando producto activo con ID: 1
19:41:57 INFO  Resolving eureka endpoints via configuration
19:46:57 INFO  Resolving eureka endpoints via configuration
19:51:57 INFO  Resolving eureka endpoints via configuration
19:54:37 INFO  GET /api/productos/2 - Solicitud para obtener producto por ID
19:54:37 INFO  Buscando producto activo con ID: 2
19:54:39 INFO  GET /api/productos/2 - Solicitud para obtener producto por ID
19:54:39 INFO  Buscando producto activo con ID: 2
19:54:42 INFO  GET /api/productos/2 - Solicitud para obtener producto por ID
19:54:42 INFO  Buscando producto activo con ID: 2
19:54:44 INFO  GET /api/productos/2 - Solicitud para obtener producto por ID
19:54:44 INFO  Buscando producto activo con ID: 2
19:54:45 INFO  GET /api/productos/2 - Solicitud para obtener producto por ID
19:54:45 INFO  Buscando producto activo con ID: 2
19:54:47 INFO  GET /api/productos/2 - Solicitud para obtener producto por ID
19:54:47 INFO  Buscando producto activo con ID: 2
19:54:48 INFO  GET /api/productos/2 - Solicitud para obtener producto por ID
19:54:48 INFO  Buscando producto activo con ID: 2
19:56:57 INFO  Resolving eureka endpoints via configuration
20:01:57 INFO  Resolving eureka endpoints via configuration
20:03:53 INFO  GET /api/productos/2 - Solicitud para obtener producto por ID
20:03:53 INFO  Buscando producto activo con ID: 2
20:03:55 INFO  GET /api/productos/2 - Solicitud para obtener producto por ID
20:03:55 INFO  Buscando producto activo con ID: 2
20:03:57 INFO  GET /api/productos/2 - Solicitud para obtener producto por ID
20:03:57 INFO  Buscando producto activo con ID: 2
20:04:30 INFO  GET /api/productos/2 - Solicitud para obtener producto por ID
20:04:30 INFO  Buscando producto activo con ID: 2
20:04:39 INFO  GET /api/productos/1 - Solicitud para obtener producto por ID
20:04:39 INFO  Buscando producto activo con ID: 1
20:04:42 INFO  GET /api/productos/1 - Solicitud para obtener producto por ID
20:04:42 INFO  Buscando producto activo con ID: 1
20:06:57 INFO  Resolving eureka endpoints via configuration
