19:26:31 INFO  Starting DespachoServiceApplication using Java 21.0.10 with PID 7312 (D:\Proyectos\Ferreteria\despacho-service\target\classes started by hecto in D:\Proyectos\Ferreteria\despacho-service)
19:26:31 INFO  No active profile set, falling back to 1 default profile: "default"
19:26:32 INFO  Devtools property defaults active! Set 'spring.devtools.add-properties' to 'false' to disable
19:26:32 INFO  For additional web related logging consider setting the 'logging.level.web' property to 'DEBUG'
19:26:39 INFO  Bootstrapping Spring Data JPA repositories in DEFAULT mode.
19:26:40 INFO  Finished Spring Data repository scanning in 822 ms. Found 1 JPA repository interface.
19:26:41 INFO  BeanFactory id=f6104a9e-8002-3cb0-b1d6-9a725d56f73b
19:26:43 INFO  Tomcat initialized with port 9095 (http)
19:26:43 INFO  Starting service [Tomcat]
19:26:43 INFO  Starting Servlet engine: [Apache Tomcat/11.0.21]
19:26:43 INFO  Root WebApplicationContext: initialization completed in 11301 ms
19:26:44 INFO  HikariPool-1 - Starting...
19:26:44 INFO  HikariPool-1 - Added connection com.mysql.cj.jdbc.ConnectionImpl@3266956a
19:26:44 INFO  HikariPool-1 - Start completed.
19:26:47 INFO  Creating database changelog table with name: db_despachos.databasechangelog
19:26:48 INFO  Reading from db_despachos.databasechangelog
19:26:48 INFO  Creating snapshot
19:26:48 INFO  Name 'PK_DATABASECHANGELOGLOCK' ignored for PRIMARY key.
19:26:48 INFO  Successfully acquired change log lock
19:26:48 INFO  Using deploymentId: 1047604030
19:26:48 INFO  Reading from db_despachos.databasechangelog
19:26:48 INFO  Running Changeset: db/changelog/db.changelog.sql::1::hector
19:26:48 INFO  Custom SQL executed
19:26:48 INFO  ChangeSet db/changelog/db.changelog.sql::1::hector ran successfully in 92ms
19:26:48 INFO  Running Changeset: db/changelog/db.changelog.sql::2::hector
19:26:48 INFO  Custom SQL executed
19:26:48 INFO  ChangeSet db/changelog/db.changelog.sql::2::hector ran successfully in 19ms
19:26:48 INFO  UPDATE SUMMARY
19:26:48 INFO  Run:                          2
19:26:48 INFO  Previously run:               0
19:26:48 INFO  Filtered out:                 0
19:26:48 INFO  -------------------------------
19:26:48 INFO  Total change sets:            2
19:26:48 INFO  Update summary generated
19:26:48 INFO  Update command completed successfully.
19:26:48 INFO  Liquibase: Update has been successful. Rows affected: 10
19:26:48 INFO  Successfully released change log lock
19:26:48 INFO  Command execution complete
19:26:49 INFO  HHH008540: Processing PersistenceUnitInfo [name: default]
19:26:49 INFO  HHH000001: Hibernate ORM core version 7.2.12.Final
19:26:51 INFO  No LoadTimeWeaver setup: ignoring JPA class transformer
19:26:51 WARN  HHH000511: The 5.5.5 version for [org.hibernate.dialect.MySQLDialect] is no longer supported, hence certain features may not work properly.The minimum supported version is 8.0.0. Check the community dialects project for available legacy versions.
19:26:51 INFO  HHH10001005: Database info:
	Database JDBC URL [jdbc:mysql://localhost:3306/db_despachos?useSSL=false&serverTimezone=UTC&createDatabaseIfNotExist=true]
	Database driver: MySQL Connector/J
	Database dialect: MySQLDialect
	Database version: 5.5.5
	Default catalog/schema: db_despachos/undefined
	Autocommit mode: undefined/unknown
	Isolation level: REPEATABLE_READ [default REPEATABLE_READ]
	JDBC fetch size: none
	Pool: DataSourceConnectionProvider
	Minimum pool size: undefined/unknown
	Maximum pool size: undefined/unknown
19:26:54 INFO  HHH000489: No JTA platform available (set 'hibernate.transaction.jta.platform' to enable JTA platform integration)
19:26:54 INFO  Initialized JPA EntityManagerFactory for persistence unit 'default'
19:26:54 INFO  Hibernate is in classpath; If applicable, HQL parser will be used.
19:26:56 WARN  spring.jpa.open-in-view is enabled by default. Therefore, database queries may be performed during view rendering. Explicitly configure spring.jpa.open-in-view to disable this warning
19:26:56 INFO  Eureka HTTP Client uses RestClient.
19:26:57 WARN  Spring Cloud LoadBalancer is currently working with the default cache. While this cache implementation is useful for development and tests, it's recommended to use Caffeine cache in production.You can switch to using Caffeine cache, by adding it and org.springframework.cache.caffeine.CaffeineCacheManager to the classpath.
19:26:57 INFO  Setting initial instance status as: STARTING
19:26:57 INFO  Initializing Eureka in region us-east-1
19:26:57 INFO  Resolving eureka endpoints via configuration
19:26:57 INFO  Disable delta property : false
19:26:57 INFO  Single vip registry refresh property : null
19:26:57 INFO  Force full registry fetch : false
19:26:57 INFO  Application is null : false
19:26:57 INFO  Registered Applications size is zero : true
19:26:57 INFO  Application version is -1: true
19:26:57 INFO  Getting all instance registry info from the eureka server
19:26:58 INFO  The response status is 200
19:26:58 INFO  Starting heartbeat executor: renew interval is: 30
19:26:58 INFO  InstanceInfoReplicator onDemand update allowed rate per min is 4
19:26:58 INFO  Discovery Client initialized at timestamp 1781047618239 with initial instances count: 1
19:26:58 INFO  Registering application DESPACHO-SERVICE with eureka with status UP
19:26:58 INFO  Saw local status change event StatusChangeEvent [timestamp=1781047618253, current=UP, previous=STARTING]
19:26:58 INFO  DiscoveryClient_DESPACHO-SERVICE/Hector:despacho-service:9095: registering service...
19:26:58 INFO  Tomcat started on port 9095 (http) with context path '/'
19:26:58 INFO  Updating port to 9095
19:26:58 INFO  Started DespachoServiceApplication in 32.494 seconds (process running for 36.734)
19:26:58 INFO  DiscoveryClient_DESPACHO-SERVICE/Hector:despacho-service:9095 - registration status: 204
19:30:38 INFO  Initializing Spring DispatcherServlet 'dispatcherServlet'
19:30:38 INFO  Initializing Servlet 'dispatcherServlet'
19:30:38 INFO  Completed initialization in 2 ms
19:30:38 INFO  GET /api/despachos - Solicitud para listar todos los despachos
19:30:38 INFO  Listando todos los despachos desde la base de datos
19:31:57 INFO  Resolving eureka endpoints via configuration
19:36:57 INFO  Resolving eureka endpoints via configuration
19:41:57 INFO  Resolving eureka endpoints via configuration
19:46:57 INFO  Resolving eureka endpoints via configuration
19:51:57 INFO  Resolving eureka endpoints via configuration
19:56:57 INFO  Resolving eureka endpoints via configuration
20:01:57 INFO  Resolving eureka endpoints via configuration
20:06:57 INFO  Resolving eureka endpoints via configuration
22:09:39 INFO  Starting DespachoServiceApplication using Java 21.0.10 with PID 11480 (D:\Proyectos\Ferreteria\despacho-service\target\classes started by hecto in D:\Proyectos\Ferreteria\despacho-service)
22:09:39 INFO  No active profile set, falling back to 1 default profile: "default"
22:09:40 INFO  Devtools property defaults active! Set 'spring.devtools.add-properties' to 'false' to disable
22:09:40 INFO  For additional web related logging consider setting the 'logging.level.web' property to 'DEBUG'
22:09:45 INFO  Bootstrapping Spring Data JPA repositories in DEFAULT mode.
22:09:46 INFO  Finished Spring Data repository scanning in 612 ms. Found 1 JPA repository interface.
22:09:48 INFO  BeanFactory id=f6104a9e-8002-3cb0-b1d6-9a725d56f73b
22:09:51 INFO  Tomcat initialized with port 9095 (http)
22:09:51 INFO  Starting service [Tomcat]
22:09:51 INFO  Starting Servlet engine: [Apache Tomcat/11.0.21]
22:09:52 INFO  Root WebApplicationContext: initialization completed in 11496 ms
22:09:53 INFO  HikariPool-1 - Starting...
22:09:54 INFO  HikariPool-1 - Added connection com.mysql.cj.jdbc.ConnectionImpl@7b85d013
22:09:54 INFO  HikariPool-1 - Start completed.
22:09:58 INFO  Creating database changelog table with name: db_despachos.databasechangelog
22:09:59 INFO  Reading from db_despachos.databasechangelog
22:09:59 INFO  Creating snapshot
22:09:59 INFO  Name 'PK_DATABASECHANGELOGLOCK' ignored for PRIMARY key.
22:09:59 INFO  Successfully acquired change log lock
22:09:59 INFO  Using deploymentId: 1057392960
22:09:59 INFO  Reading from db_despachos.databasechangelog
22:10:00 INFO  Running Changeset: db/changelog/db.changelog.sql::1::hector
22:10:00 INFO  Custom SQL executed
22:10:00 INFO  ChangeSet db/changelog/db.changelog.sql::1::hector ran successfully in 142ms
22:10:00 INFO  Running Changeset: db/changelog/db.changelog.sql::2::hector
22:10:00 INFO  Custom SQL executed
22:10:00 INFO  ChangeSet db/changelog/db.changelog.sql::2::hector ran successfully in 145ms
22:10:00 INFO  UPDATE SUMMARY
22:10:00 INFO  Run:                          2
22:10:00 INFO  Previously run:               0
22:10:00 INFO  Filtered out:                 0
22:10:00 INFO  -------------------------------
22:10:00 INFO  Total change sets:            2
22:10:00 INFO  Update summary generated
22:10:00 INFO  Update command completed successfully.
22:10:00 INFO  Liquibase: Update has been successful. Rows affected: 10
22:10:00 INFO  Successfully released change log lock
22:10:00 INFO  Command execution complete
22:10:01 INFO  HHH008540: Processing PersistenceUnitInfo [name: default]
22:10:01 INFO  HHH000001: Hibernate ORM core version 7.2.12.Final
22:10:04 INFO  No LoadTimeWeaver setup: ignoring JPA class transformer
22:10:05 WARN  HHH000511: The 5.5.5 version for [org.hibernate.dialect.MySQLDialect] is no longer supported, hence certain features may not work properly.The minimum supported version is 8.0.0. Check the community dialects project for available legacy versions.
22:10:05 INFO  HHH10001005: Database info:
	Database JDBC URL [jdbc:mysql://localhost:3306/db_despachos?useSSL=false&serverTimezone=UTC&createDatabaseIfNotExist=true]
	Database driver: MySQL Connector/J
	Database dialect: MySQLDialect
	Database version: 5.5.5
	Default catalog/schema: db_despachos/undefined
	Autocommit mode: undefined/unknown
	Isolation level: REPEATABLE_READ [default REPEATABLE_READ]
	JDBC fetch size: none
	Pool: DataSourceConnectionProvider
	Minimum pool size: undefined/unknown
	Maximum pool size: undefined/unknown
22:10:10 INFO  HHH000489: No JTA platform available (set 'hibernate.transaction.jta.platform' to enable JTA platform integration)
22:10:10 INFO  Initialized JPA EntityManagerFactory for persistence unit 'default'
22:10:10 INFO  Hibernate is in classpath; If applicable, HQL parser will be used.
22:10:12 WARN  spring.jpa.open-in-view is enabled by default. Therefore, database queries may be performed during view rendering. Explicitly configure spring.jpa.open-in-view to disable this warning
22:10:14 INFO  Eureka HTTP Client uses RestClient.
22:10:15 WARN  Spring Cloud LoadBalancer is currently working with the default cache. While this cache implementation is useful for development and tests, it's recommended to use Caffeine cache in production.You can switch to using Caffeine cache, by adding it and org.springframework.cache.caffeine.CaffeineCacheManager to the classpath.
22:10:15 INFO  Setting initial instance status as: STARTING
22:10:15 INFO  Initializing Eureka in region us-east-1
22:10:15 INFO  Resolving eureka endpoints via configuration
22:10:15 INFO  Disable delta property : false
22:10:15 INFO  Single vip registry refresh property : null
22:10:15 INFO  Force full registry fetch : false
22:10:15 INFO  Application is null : false
22:10:15 INFO  Registered Applications size is zero : true
22:10:15 INFO  Application version is -1: true
22:10:15 INFO  Getting all instance registry info from the eureka server
22:10:17 INFO  The response status is 200
22:10:17 INFO  Starting heartbeat executor: renew interval is: 30
22:10:17 INFO  InstanceInfoReplicator onDemand update allowed rate per min is 4
22:10:17 INFO  Discovery Client initialized at timestamp 1781057417860 with initial instances count: 1
22:10:17 INFO  Registering application DESPACHO-SERVICE with eureka with status UP
22:10:17 INFO  Saw local status change event StatusChangeEvent [timestamp=1781057417911, current=UP, previous=STARTING]
22:10:17 INFO  DiscoveryClient_DESPACHO-SERVICE/Hector:despacho-service:9095: registering service...
22:10:18 INFO  Tomcat started on port 9095 (http) with context path '/'
22:10:18 INFO  Updating port to 9095
22:10:18 INFO  Started DespachoServiceApplication in 41.951 seconds (process running for 46.352)
22:10:18 INFO  DiscoveryClient_DESPACHO-SERVICE/Hector:despacho-service:9095 - registration status: 204
22:15:15 INFO  Resolving eureka endpoints via configuration
22:20:15 INFO  Resolving eureka endpoints via configuration
22:25:15 INFO  Resolving eureka endpoints via configuration
22:30:15 INFO  Resolving eureka endpoints via configuration
22:35:15 INFO  Resolving eureka endpoints via configuration
22:40:15 INFO  Resolving eureka endpoints via configuration
22:45:15 INFO  Resolving eureka endpoints via configuration
22:50:15 INFO  Resolving eureka endpoints via configuration
22:55:15 INFO  Resolving eureka endpoints via configuration
23:00:15 INFO  Resolving eureka endpoints via configuration
23:05:15 INFO  Resolving eureka endpoints via configuration
23:10:15 INFO  Resolving eureka endpoints via configuration
