00:37:48 INFO  Initializing Spring DispatcherServlet 'dispatcherServlet'
00:37:48 INFO  Initializing Servlet 'dispatcherServlet'
00:37:49 INFO  Completed initialization in 62 ms
00:37:49 INFO  GET /api/inventario - Solicitud para listar todo el inventario
00:37:49 INFO  Consultando todos los registros de inventario en la base de datos
10:58:27 INFO  Starting InventarioServiceApplication using Java 21.0.10 with PID 6772 (D:\Proyectos\Ferreteria\inventario-service\target\classes started by hecto in D:\Proyectos\Ferreteria\inventario-service)
10:58:27 INFO  No active profile set, falling back to 1 default profile: "default"
10:58:27 INFO  Devtools property defaults active! Set 'spring.devtools.add-properties' to 'false' to disable
10:58:27 INFO  For additional web related logging consider setting the 'logging.level.web' property to 'DEBUG'
10:58:28 INFO  Bootstrapping Spring Data JPA repositories in DEFAULT mode.
10:58:29 INFO  Finished Spring Data repository scanning in 259 ms. Found 1 JPA repository interface.
10:58:29 INFO  BeanFactory id=25e9a9bb-3bda-3fe8-b31a-14f351d10ed2
10:58:30 INFO  Tomcat initialized with port 9093 (http)
10:58:30 INFO  Starting service [Tomcat]
10:58:30 INFO  Starting Servlet engine: [Apache Tomcat/11.0.21]
10:58:30 INFO  Root WebApplicationContext: initialization completed in 3102 ms
10:58:30 INFO  HikariPool-1 - Starting...
10:58:31 INFO  HikariPool-1 - Added connection com.mysql.cj.jdbc.ConnectionImpl@705e87b5
10:58:31 INFO  HikariPool-1 - Start completed.
10:58:34 INFO  Creating database changelog table with name: db_inventario.databasechangelog
10:58:34 INFO  Reading from db_inventario.databasechangelog
10:58:34 INFO  Creating snapshot
10:58:34 INFO  Name 'PK_DATABASECHANGELOGLOCK' ignored for PRIMARY key.
10:58:34 INFO  Successfully acquired change log lock
10:58:34 INFO  Using deploymentId: 8770710942
10:58:34 INFO  Reading from db_inventario.databasechangelog
10:58:34 INFO  Running Changeset: db/changelog/db.changelog.sql::1::hector
10:58:34 INFO  Custom SQL executed
10:58:34 INFO  ChangeSet db/changelog/db.changelog.sql::1::hector ran successfully in 57ms
10:58:34 INFO  Running Changeset: db/changelog/db.changelog.sql::2::hector
10:58:34 INFO  Custom SQL executed
10:58:34 INFO  ChangeSet db/changelog/db.changelog.sql::2::hector ran successfully in 15ms
10:58:34 INFO  UPDATE SUMMARY
10:58:34 INFO  Run:                          2
10:58:34 INFO  Previously run:               0
10:58:34 INFO  Filtered out:                 0
10:58:34 INFO  -------------------------------
10:58:34 INFO  Total change sets:            2
10:58:34 INFO  Update summary generated
10:58:34 INFO  Update command completed successfully.
10:58:34 INFO  Liquibase: Update has been successful. Rows affected: 11
10:58:34 INFO  Successfully released change log lock
10:58:34 INFO  Command execution complete
10:58:34 INFO  HHH008540: Processing PersistenceUnitInfo [name: default]
10:58:35 INFO  HHH000001: Hibernate ORM core version 7.2.12.Final
10:58:35 INFO  No LoadTimeWeaver setup: ignoring JPA class transformer
10:58:36 WARN  HHH000511: The 5.5.5 version for [org.hibernate.dialect.MySQLDialect] is no longer supported, hence certain features may not work properly.The minimum supported version is 8.0.0. Check the community dialects project for available legacy versions.
10:58:36 INFO  HHH10001005: Database info:
	Database JDBC URL [jdbc:mysql://localhost:3306/db_inventario?useSSL=false&serverTimezone=UTC&createDatabaseIfNotExist=true]
	Database driver: MySQL Connector/J
	Database dialect: MySQLDialect
	Database version: 5.5.5
	Default catalog/schema: db_inventario/undefined
	Autocommit mode: undefined/unknown
	Isolation level: REPEATABLE_READ [default REPEATABLE_READ]
	JDBC fetch size: none
	Pool: DataSourceConnectionProvider
	Minimum pool size: undefined/unknown
	Maximum pool size: undefined/unknown
10:58:37 INFO  HHH000489: No JTA platform available (set 'hibernate.transaction.jta.platform' to enable JTA platform integration)
10:58:37 INFO  Initialized JPA EntityManagerFactory for persistence unit 'default'
10:58:37 INFO  Hibernate is in classpath; If applicable, HQL parser will be used.
10:58:38 WARN  spring.jpa.open-in-view is enabled by default. Therefore, database queries may be performed during view rendering. Explicitly configure spring.jpa.open-in-view to disable this warning
10:58:40 INFO  Cannot determine local hostname
10:58:41 INFO  Cannot determine local hostname
10:58:41 INFO  Eureka HTTP Client uses RestClient.
10:58:41 WARN  Spring Cloud LoadBalancer is currently working with the default cache. While this cache implementation is useful for development and tests, it's recommended to use Caffeine cache in production.You can switch to using Caffeine cache, by adding it and org.springframework.cache.caffeine.CaffeineCacheManager to the classpath.
10:58:41 INFO  Setting initial instance status as: STARTING
10:58:41 INFO  Initializing Eureka in region us-east-1
10:58:41 INFO  Client configured to neither register nor query for data.
10:58:41 INFO  Discovery Client initialized at timestamp 1778770721410 with initial instances count: 0
10:58:41 INFO  Registering application INVENTARIO-SERVICE with eureka with status UP
10:58:41 INFO  Tomcat started on port 9093 (http) with context path '/'
10:58:41 INFO  Updating port to 9093
10:58:42 INFO  Cannot determine local hostname
10:58:42 INFO  Started InventarioServiceApplication in 17.025 seconds (process running for 18.453)
11:07:31 INFO  Initializing Spring DispatcherServlet 'dispatcherServlet'
11:07:31 INFO  Initializing Servlet 'dispatcherServlet'
11:07:31 INFO  Completed initialization in 2 ms
11:07:31 INFO  GET /api/inventario - Solicitud para listar todo el inventario
11:07:31 INFO  Consultando todos los registros de inventario en la base de datos
11:18:28 INFO  GET /api/inventario - Solicitud para listar todo el inventario
11:18:28 INFO  Consultando todos los registros de inventario en la base de datos
11:20:46 INFO  POST /api/inventario - Solicitud para registrar inventario del Producto ID: null
11:20:46 INFO  Iniciando guardado de inventario para Producto ID: null
11:20:46 ERROR Servlet.service() for servlet [dispatcherServlet] in context with path [] threw exception [Request processing failed: org.springframework.dao.DataIntegrityViolationException: not-null property references a null or transient value for entity com.ferreteria.inventario_service.model.Inventario.cantidad] with root cause
org.hibernate.PropertyValueException: not-null property references a null or transient value for entity com.ferreteria.inventario_service.model.Inventario.cantidad
	at org.hibernate.engine.internal.Nullability.checkNullability(Nullability.java:120)
	at org.hibernate.action.internal.AbstractEntityInsertAction.nullifyTransientReferencesIfNotAlready(AbstractEntityInsertAction.java:120)
	at org.hibernate.action.internal.EntityIdentityInsertAction.execute(EntityIdentityInsertAction.java:67)
	at org.hibernate.engine.spi.ActionQueue.execute(ActionQueue.java:667)
	at org.hibernate.engine.spi.ActionQueue.addResolvedEntityInsertAction(ActionQueue.java:291)
	at org.hibernate.engine.spi.ActionQueue.addInsertAction(ActionQueue.java:270)
	at org.hibernate.engine.spi.ActionQueue.addAction(ActionQueue.java:322)
	at org.hibernate.event.internal.AbstractSaveEventListener.addInsertAction(AbstractSaveEventListener.java:371)
	at org.hibernate.event.internal.AbstractSaveEventListener.performSaveOrReplicate(AbstractSaveEventListener.java:285)
	at org.hibernate.event.internal.AbstractSaveEventListener.performSave(AbstractSaveEventListener.java:215)
	at org.hibernate.event.internal.AbstractSaveEventListener.saveWithGeneratedId(AbstractSaveEventListener.java:133)
	at org.hibernate.event.internal.DefaultPersistEventListener.entityIsTransient(DefaultPersistEventListener.java:144)
	at org.hibernate.event.internal.DefaultPersistEventListener.persist(DefaultPersistEventListener.java:90)
	at org.hibernate.event.internal.DefaultPersistEventListener.onPersist(DefaultPersistEventListener.java:74)
	at org.hibernate.event.internal.DefaultPersistEventListener.onPersist(DefaultPersistEventListener.java:50)
	at org.hibernate.event.service.internal.EventListenerGroupImpl.fireEventOnEachListener(EventListenerGroupImpl.java:138)
	at org.hibernate.internal.SessionImpl.firePersist(SessionImpl.java:692)
	at org.hibernate.internal.SessionImpl.persist(SessionImpl.java:675)
	at java.base/jdk.internal.reflect.DirectMethodHandleAccessor.invoke(DirectMethodHandleAccessor.java:103)
	at java.base/java.lang.reflect.Method.invoke(Method.java:580)
	at org.springframework.orm.jpa.ExtendedEntityManagerCreator$ExtendedEntityManagerInvocationHandler.invoke(ExtendedEntityManagerCreator.java:362)
	at jdk.proxy4/jdk.proxy4.$Proxy136.persist(Unknown Source)
	at java.base/jdk.internal.reflect.DirectMethodHandleAccessor.invoke(DirectMethodHandleAccessor.java:103)
	at java.base/java.lang.reflect.Method.invoke(Method.java:580)
	at org.springframework.orm.jpa.SharedEntityManagerCreator$SharedEntityHandlerInvocationHandler.invokeMethod(SharedEntityManagerCreator.java:240)
	at org.springframework.orm.jpa.SharedEntityManagerCreator$SharedEntityManagerInvocationHandler.invoke(SharedEntityManagerCreator.java:386)
	at jdk.proxy4/jdk.proxy4.$Proxy136.persist(Unknown Source)
	at org.springframework.data.jpa.repository.support.SimpleJpaRepository.save(SimpleJpaRepository.java:664)
	at java.base/jdk.internal.reflect.DirectMethodHandleAccessor.invoke(DirectMethodHandleAccessor.java:103)
	at java.base/java.lang.reflect.Method.invoke(Method.java:580)
	at org.springframework.aop.support.AopUtils.invokeJoinpointUsingReflection(AopUtils.java:359)
	at org.springframework.data.repository.core.support.RepositoryMethodInvoker$RepositoryFragmentMethodInvoker.lambda$new$0(RepositoryMethodInvoker.java:278)
	at org.springframework.data.repository.core.support.RepositoryMethodInvoker.doInvoke(RepositoryMethodInvoker.java:169)
	at org.springframework.data.repository.core.support.RepositoryMethodInvoker.invoke(RepositoryMethodInvoker.java:158)
	at org.springframework.data.repository.core.support.RepositoryComposition$RepositoryFragments.invoke(RepositoryComposition.java:545)
	at org.springframework.data.repository.core.support.RepositoryComposition.invoke(RepositoryComposition.java:290)
	at org.springframework.data.repository.core.support.RepositoryFactorySupport$ImplementationMethodExecutionInterceptor.invoke(RepositoryFactorySupport.java:690)
	at org.springframework.aop.framework.ReflectiveMethodInvocation.proceed(ReflectiveMethodInvocation.java:179)
	at org.springframework.data.repository.core.support.QueryExecutorMethodInterceptor.doInvoke(QueryExecutorMethodInterceptor.java:171)
	at org.springframework.data.repository.core.support.QueryExecutorMethodInterceptor.invoke(QueryExecutorMethodInterceptor.java:146)
	at org.springframework.aop.framework.ReflectiveMethodInvocation.proceed(ReflectiveMethodInvocation.java:179)
	at org.springframework.data.projection.DefaultMethodInvokingMethodInterceptor.invoke(DefaultMethodInvokingMethodInterceptor.java:69)
	at org.springframework.aop.framework.ReflectiveMethodInvocation.proceed(ReflectiveMethodInvocation.java:179)
	at org.springframework.transaction.interceptor.TransactionInterceptor$1.proceedWithInvocation(TransactionInterceptor.java:133)
	at org.springframework.transaction.interceptor.TransactionAspectSupport.invokeWithinTransaction(TransactionAspectSupport.java:371)
	at org.springframework.transaction.interceptor.TransactionInterceptor.invoke(TransactionInterceptor.java:130)
	at org.springframework.aop.framework.ReflectiveMethodInvocation.proceed(ReflectiveMethodInvocation.java:179)
	at org.springframework.dao.support.PersistenceExceptionTranslationInterceptor.invoke(PersistenceExceptionTranslationInterceptor.java:135)
	at org.springframework.aop.framework.ReflectiveMethodInvocation.proceed(ReflectiveMethodInvocation.java:179)
	at org.springframework.data.jpa.repository.support.CrudMethodMetadataPostProcessor$CrudMethodMetadataPopulatingMethodInterceptor.invoke(CrudMethodMetadataPostProcessor.java:166)
	at org.springframework.aop.framework.ReflectiveMethodInvocation.proceed(ReflectiveMethodInvocation.java:179)
	at org.springframework.aop.framework.JdkDynamicAopProxy.invoke(JdkDynamicAopProxy.java:222)
	at jdk.proxy4/jdk.proxy4.$Proxy146.save(Unknown Source)
	at com.ferreteria.inventario_service.service.InventarioService.guardarInventario(InventarioService.java:47)
	at com.ferreteria.inventario_service.controller.InventarioController.guardarInventario(InventarioController.java:45)
	at java.base/jdk.internal.reflect.DirectMethodHandleAccessor.invoke(DirectMethodHandleAccessor.java:103)
	at java.base/java.lang.reflect.Method.invoke(Method.java:580)
	at org.springframework.web.method.support.InvocableHandlerMethod.doInvoke(InvocableHandlerMethod.java:252)
	at org.springframework.web.method.support.InvocableHandlerMethod.invokeForRequest(InvocableHandlerMethod.java:184)
	at org.springframework.web.servlet.mvc.method.annotation.ServletInvocableHandlerMethod.invokeAndHandle(ServletInvocableHandlerMethod.java:117)
	at org.springframework.web.servlet.mvc.method.annotation.RequestMappingHandlerAdapter.invokeHandlerMethod(RequestMappingHandlerAdapter.java:934)
	at org.springframework.web.servlet.mvc.method.annotation.RequestMappingHandlerAdapter.handleInternal(RequestMappingHandlerAdapter.java:853)
	at org.springframework.web.servlet.mvc.method.AbstractHandlerMethodAdapter.handle(AbstractHandlerMethodAdapter.java:86)
	at org.springframework.web.servlet.DispatcherServlet.doDispatch(DispatcherServlet.java:963)
	at org.springframework.web.servlet.DispatcherServlet.doService(DispatcherServlet.java:866)
	at org.springframework.web.servlet.FrameworkServlet.processRequest(FrameworkServlet.java:1000)
	at org.springframework.web.servlet.FrameworkServlet.doPost(FrameworkServlet.java:903)
	at jakarta.servlet.http.HttpServlet.service(HttpServlet.java:649)
	at org.springframework.web.servlet.FrameworkServlet.service(FrameworkServlet.java:874)
	at jakarta.servlet.http.HttpServlet.service(HttpServlet.java:710)
	at org.apache.catalina.core.ApplicationFilterChain.doFilter(ApplicationFilterChain.java:128)
	at org.apache.tomcat.websocket.server.WsFilter.doFilter(WsFilter.java:53)
	at org.apache.catalina.core.ApplicationFilterChain.doFilter(ApplicationFilterChain.java:107)
	at org.springframework.web.filter.RequestContextFilter.doFilterInternal(RequestContextFilter.java:100)
	at org.springframework.web.filter.OncePerRequestFilter.doFilter(OncePerRequestFilter.java:116)
	at org.apache.catalina.core.ApplicationFilterChain.doFilter(ApplicationFilterChain.java:107)
	at org.springframework.web.filter.FormContentFilter.doFilterInternal(FormContentFilter.java:93)
	at org.springframework.web.filter.OncePerRequestFilter.doFilter(OncePerRequestFilter.java:116)
	at org.apache.catalina.core.ApplicationFilterChain.doFilter(ApplicationFilterChain.java:107)
	at org.springframework.web.filter.CharacterEncodingFilter.doFilterInternal(CharacterEncodingFilter.java:199)
	at org.springframework.web.filter.OncePerRequestFilter.doFilter(OncePerRequestFilter.java:116)
	at org.apache.catalina.core.ApplicationFilterChain.doFilter(ApplicationFilterChain.java:107)
	at org.apache.catalina.core.StandardWrapperValve.invoke(StandardWrapperValve.java:165)
	at org.apache.catalina.core.StandardContextValve.invoke(StandardContextValve.java:77)
	at org.apache.catalina.authenticator.AuthenticatorBase.invoke(AuthenticatorBase.java:492)
	at org.apache.catalina.core.StandardHostValve.invoke(StandardHostValve.java:113)
	at org.apache.catalina.valves.ErrorReportValve.invoke(ErrorReportValve.java:83)
	at org.apache.catalina.core.StandardEngineValve.invoke(StandardEngineValve.java:72)
	at org.apache.catalina.connector.CoyoteAdapter.service(CoyoteAdapter.java:341)
	at org.apache.coyote.http11.Http11Processor.service(Http11Processor.java:397)
	at org.apache.coyote.AbstractProcessorLight.process(AbstractProcessorLight.java:63)
	at org.apache.coyote.AbstractProtocol$ConnectionHandler.process(AbstractProtocol.java:903)
	at org.apache.tomcat.util.net.NioEndpoint$SocketProcessor.doRun(NioEndpoint.java:1801)
	at org.apache.tomcat.util.net.SocketProcessorBase.run(SocketProcessorBase.java:52)
	at org.apache.tomcat.util.threads.ThreadPoolExecutor.runWorker(ThreadPoolExecutor.java:946)
	at org.apache.tomcat.util.threads.ThreadPoolExecutor$Worker.run(ThreadPoolExecutor.java:480)
	at org.apache.tomcat.util.threads.TaskThread$WrappingRunnable.run(TaskThread.java:57)
	at java.base/java.lang.Thread.run(Thread.java:1583)
11:28:49 INFO  PUT /api/inventario/reset/11 - Solicitud de catálogo para resetear stock
11:28:49 INFO  Reseteando stock a cero para Producto ID: 11
11:28:49 INFO  Buscando inventario para el Producto ID: 11
11:47:15 INFO  GET /api/inventario - Solicitud para listar todo el inventario
11:47:15 INFO  Consultando todos los registros de inventario en la base de datos
11:48:27 INFO  GET /api/inventario/producto/1 - Solicitud para buscar inventario por ID de producto
11:48:27 INFO  Buscando inventario para el Producto ID: 1
11:48:30 INFO  GET /api/inventario/producto/4 - Solicitud para buscar inventario por ID de producto
11:48:32 INFO  Buscando inventario para el Producto ID: 4
11:50:14 WARN  Resolved [org.springframework.web.HttpRequestMethodNotSupportedException: Request method 'GET' is not supported]
11:50:22 INFO  PUT /api/inventario/producto/1/descontar - Solicitud para descontar 10 unidades
11:50:22 INFO  Iniciando proceso de descuento de stock para Producto ID: 1
11:50:22 INFO  Buscando inventario para el Producto ID: 1
11:50:22 INFO  Actualizando inventario en la base de datos...
11:50:22 INFO  Stock descontado exitosamente. Nuevo stock para Producto ID 1: 40
11:50:23 INFO  PUT /api/inventario/producto/1/descontar - Solicitud para descontar 10 unidades
11:50:23 INFO  Iniciando proceso de descuento de stock para Producto ID: 1
11:50:23 INFO  Buscando inventario para el Producto ID: 1
11:50:23 INFO  Actualizando inventario en la base de datos...
11:50:23 INFO  Stock descontado exitosamente. Nuevo stock para Producto ID 1: 30
11:50:25 INFO  PUT /api/inventario/producto/1/descontar - Solicitud para descontar 10 unidades
11:50:25 INFO  Iniciando proceso de descuento de stock para Producto ID: 1
11:50:25 INFO  Buscando inventario para el Producto ID: 1
11:50:25 INFO  Actualizando inventario en la base de datos...
11:50:25 INFO  Stock descontado exitosamente. Nuevo stock para Producto ID 1: 20
11:50:27 INFO  PUT /api/inventario/producto/1/descontar - Solicitud para descontar 10 unidades
11:50:27 INFO  Iniciando proceso de descuento de stock para Producto ID: 1
11:50:27 INFO  Buscando inventario para el Producto ID: 1
11:50:27 INFO  Actualizando inventario en la base de datos...
11:50:27 INFO  Stock descontado exitosamente. Nuevo stock para Producto ID 1: 10
11:50:28 INFO  PUT /api/inventario/producto/1/descontar - Solicitud para descontar 10 unidades
11:50:28 INFO  Iniciando proceso de descuento de stock para Producto ID: 1
11:50:28 INFO  Buscando inventario para el Producto ID: 1
11:50:28 INFO  Actualizando inventario en la base de datos...
11:50:28 INFO  El stock del producto ID: 1 llegó a CERO. Notificando a catalogo-service...
11:50:28 INFO  Catalogo-service notificado con éxito. Producto deshabilitado.
11:50:28 INFO  Stock descontado exitosamente. Nuevo stock para Producto ID 1: 0
11:51:51 INFO  PUT /api/inventario/producto/1/agregar - Solicitud para ingresar 5 unidades
11:51:51 INFO  Iniciando proceso de ingreso de stock para Producto ID: 1
11:51:51 INFO  Buscando inventario para el Producto ID: 1
11:51:51 INFO  Actualizando inventario en la base de datos...
11:51:51 INFO  El stock del producto ID: 1 subió a 5. Notificando a catalogo-service...
11:51:51 INFO  Catalogo-service notificado con éxito. Producto reactivado.
11:51:51 INFO  Stock ingresado exitosamente. Nuevo stock para Producto ID 1: 5
11:51:53 INFO  PUT /api/inventario/producto/1/agregar - Solicitud para ingresar 5 unidades
11:51:53 INFO  Iniciando proceso de ingreso de stock para Producto ID: 1
11:51:53 INFO  Buscando inventario para el Producto ID: 1
11:51:53 INFO  Actualizando inventario en la base de datos...
11:51:53 INFO  El stock del producto ID: 1 subió a 10. Notificando a catalogo-service...
11:51:53 INFO  Catalogo-service notificado con éxito. Producto reactivado.
11:51:53 INFO  Stock ingresado exitosamente. Nuevo stock para Producto ID 1: 10
11:51:55 INFO  PUT /api/inventario/producto/1/agregar - Solicitud para ingresar 5 unidades
11:51:55 INFO  Iniciando proceso de ingreso de stock para Producto ID: 1
11:51:55 INFO  Buscando inventario para el Producto ID: 1
11:51:55 INFO  Actualizando inventario en la base de datos...
11:51:55 INFO  El stock del producto ID: 1 subió a 15. Notificando a catalogo-service...
11:51:55 INFO  Catalogo-service notificado con éxito. Producto reactivado.
11:51:55 INFO  Stock ingresado exitosamente. Nuevo stock para Producto ID 1: 15
11:52:44 WARN  Resolved [org.springframework.web.HttpRequestMethodNotSupportedException: Request method 'GET' is not supported]
11:52:48 INFO  PUT /api/inventario/producto/1/descontar - Solicitud para descontar 45 unidades
11:52:49 INFO  Iniciando proceso de descuento de stock para Producto ID: 1
11:52:49 INFO  Buscando inventario para el Producto ID: 1
11:52:49 ERROR Operación rechazada: Stock insuficiente. Stock actual (15) es menor a lo solicitado (45)
11:52:49 ERROR Servlet.service() for servlet [dispatcherServlet] in context with path [] threw exception [Request processing failed: java.lang.RuntimeException: Stock insuficiente para el producto ID: 1] with root cause
java.lang.RuntimeException: Stock insuficiente para el producto ID: 1
	at com.ferreteria.inventario_service.service.InventarioService.actualizarStock(InventarioService.java:63)
	at com.ferreteria.inventario_service.controller.InventarioController.descontarStock(InventarioController.java:55)
	at java.base/jdk.internal.reflect.DirectMethodHandleAccessor.invoke(DirectMethodHandleAccessor.java:103)
	at java.base/java.lang.reflect.Method.invoke(Method.java:580)
	at org.springframework.web.method.support.InvocableHandlerMethod.doInvoke(InvocableHandlerMethod.java:252)
	at org.springframework.web.method.support.InvocableHandlerMethod.invokeForRequest(InvocableHandlerMethod.java:184)
	at org.springframework.web.servlet.mvc.method.annotation.ServletInvocableHandlerMethod.invokeAndHandle(ServletInvocableHandlerMethod.java:117)
	at org.springframework.web.servlet.mvc.method.annotation.RequestMappingHandlerAdapter.invokeHandlerMethod(RequestMappingHandlerAdapter.java:934)
	at org.springframework.web.servlet.mvc.method.annotation.RequestMappingHandlerAdapter.handleInternal(RequestMappingHandlerAdapter.java:853)
	at org.springframework.web.servlet.mvc.method.AbstractHandlerMethodAdapter.handle(AbstractHandlerMethodAdapter.java:86)
	at org.springframework.web.servlet.DispatcherServlet.doDispatch(DispatcherServlet.java:963)
	at org.springframework.web.servlet.DispatcherServlet.doService(DispatcherServlet.java:866)
	at org.springframework.web.servlet.FrameworkServlet.processRequest(FrameworkServlet.java:1000)
	at org.springframework.web.servlet.FrameworkServlet.doPut(FrameworkServlet.java:914)
	at jakarta.servlet.http.HttpServlet.service(HttpServlet.java:650)
	at org.springframework.web.servlet.FrameworkServlet.service(FrameworkServlet.java:874)
	at jakarta.servlet.http.HttpServlet.service(HttpServlet.java:710)
	at org.apache.catalina.core.ApplicationFilterChain.doFilter(ApplicationFilterChain.java:128)
	at org.apache.tomcat.websocket.server.WsFilter.doFilter(WsFilter.java:53)
	at org.apache.catalina.core.ApplicationFilterChain.doFilter(ApplicationFilterChain.java:107)
	at org.springframework.web.filter.RequestContextFilter.doFilterInternal(RequestContextFilter.java:100)
	at org.springframework.web.filter.OncePerRequestFilter.doFilter(OncePerRequestFilter.java:116)
	at org.apache.catalina.core.ApplicationFilterChain.doFilter(ApplicationFilterChain.java:107)
	at org.springframework.web.filter.FormContentFilter.doFilterInternal(FormContentFilter.java:93)
	at org.springframework.web.filter.OncePerRequestFilter.doFilter(OncePerRequestFilter.java:116)
	at org.apache.catalina.core.ApplicationFilterChain.doFilter(ApplicationFilterChain.java:107)
	at org.springframework.web.filter.CharacterEncodingFilter.doFilterInternal(CharacterEncodingFilter.java:199)
	at org.springframework.web.filter.OncePerRequestFilter.doFilter(OncePerRequestFilter.java:116)
	at org.apache.catalina.core.ApplicationFilterChain.doFilter(ApplicationFilterChain.java:107)
	at org.apache.catalina.core.StandardWrapperValve.invoke(StandardWrapperValve.java:165)
	at org.apache.catalina.core.StandardContextValve.invoke(StandardContextValve.java:77)
	at org.apache.catalina.authenticator.AuthenticatorBase.invoke(AuthenticatorBase.java:492)
	at org.apache.catalina.core.StandardHostValve.invoke(StandardHostValve.java:113)
	at org.apache.catalina.valves.ErrorReportValve.invoke(ErrorReportValve.java:83)
	at org.apache.catalina.core.StandardEngineValve.invoke(StandardEngineValve.java:72)
	at org.apache.catalina.connector.CoyoteAdapter.service(CoyoteAdapter.java:341)
	at org.apache.coyote.http11.Http11Processor.service(Http11Processor.java:397)
	at org.apache.coyote.AbstractProcessorLight.process(AbstractProcessorLight.java:63)
	at org.apache.coyote.AbstractProtocol$ConnectionHandler.process(AbstractProtocol.java:903)
	at org.apache.tomcat.util.net.NioEndpoint$SocketProcessor.doRun(NioEndpoint.java:1801)
	at org.apache.tomcat.util.net.SocketProcessorBase.run(SocketProcessorBase.java:52)
	at org.apache.tomcat.util.threads.ThreadPoolExecutor.runWorker(ThreadPoolExecutor.java:946)
	at org.apache.tomcat.util.threads.ThreadPoolExecutor$Worker.run(ThreadPoolExecutor.java:480)
	at org.apache.tomcat.util.threads.TaskThread$WrappingRunnable.run(TaskThread.java:57)
	at java.base/java.lang.Thread.run(Thread.java:1583)
11:52:59 INFO  PUT /api/inventario/producto/1/descontar - Solicitud para descontar 20 unidades
11:52:59 INFO  Iniciando proceso de descuento de stock para Producto ID: 1
11:52:59 INFO  Buscando inventario para el Producto ID: 1
11:52:59 ERROR Operación rechazada: Stock insuficiente. Stock actual (15) es menor a lo solicitado (20)
11:52:59 ERROR Servlet.service() for servlet [dispatcherServlet] in context with path [] threw exception [Request processing failed: java.lang.RuntimeException: Stock insuficiente para el producto ID: 1] with root cause
java.lang.RuntimeException: Stock insuficiente para el producto ID: 1
	at com.ferreteria.inventario_service.service.InventarioService.actualizarStock(InventarioService.java:63)
	at com.ferreteria.inventario_service.controller.InventarioController.descontarStock(InventarioController.java:55)
	at java.base/jdk.internal.reflect.DirectMethodHandleAccessor.invoke(DirectMethodHandleAccessor.java:103)
	at java.base/java.lang.reflect.Method.invoke(Method.java:580)
	at org.springframework.web.method.support.InvocableHandlerMethod.doInvoke(InvocableHandlerMethod.java:252)
	at org.springframework.web.method.support.InvocableHandlerMethod.invokeForRequest(InvocableHandlerMethod.java:184)
	at org.springframework.web.servlet.mvc.method.annotation.ServletInvocableHandlerMethod.invokeAndHandle(ServletInvocableHandlerMethod.java:117)
	at org.springframework.web.servlet.mvc.method.annotation.RequestMappingHandlerAdapter.invokeHandlerMethod(RequestMappingHandlerAdapter.java:934)
	at org.springframework.web.servlet.mvc.method.annotation.RequestMappingHandlerAdapter.handleInternal(RequestMappingHandlerAdapter.java:853)
	at org.springframework.web.servlet.mvc.method.AbstractHandlerMethodAdapter.handle(AbstractHandlerMethodAdapter.java:86)
	at org.springframework.web.servlet.DispatcherServlet.doDispatch(DispatcherServlet.java:963)
	at org.springframework.web.servlet.DispatcherServlet.doService(DispatcherServlet.java:866)
	at org.springframework.web.servlet.FrameworkServlet.processRequest(FrameworkServlet.java:1000)
	at org.springframework.web.servlet.FrameworkServlet.doPut(FrameworkServlet.java:914)
	at jakarta.servlet.http.HttpServlet.service(HttpServlet.java:650)
	at org.springframework.web.servlet.FrameworkServlet.service(FrameworkServlet.java:874)
	at jakarta.servlet.http.HttpServlet.service(HttpServlet.java:710)
	at org.apache.catalina.core.ApplicationFilterChain.doFilter(ApplicationFilterChain.java:128)
	at org.apache.tomcat.websocket.server.WsFilter.doFilter(WsFilter.java:53)
	at org.apache.catalina.core.ApplicationFilterChain.doFilter(ApplicationFilterChain.java:107)
	at org.springframework.web.filter.RequestContextFilter.doFilterInternal(RequestContextFilter.java:100)
	at org.springframework.web.filter.OncePerRequestFilter.doFilter(OncePerRequestFilter.java:116)
	at org.apache.catalina.core.ApplicationFilterChain.doFilter(ApplicationFilterChain.java:107)
	at org.springframework.web.filter.FormContentFilter.doFilterInternal(FormContentFilter.java:93)
	at org.springframework.web.filter.OncePerRequestFilter.doFilter(OncePerRequestFilter.java:116)
	at org.apache.catalina.core.ApplicationFilterChain.doFilter(ApplicationFilterChain.java:107)
	at org.springframework.web.filter.CharacterEncodingFilter.doFilterInternal(CharacterEncodingFilter.java:199)
	at org.springframework.web.filter.OncePerRequestFilter.doFilter(OncePerRequestFilter.java:116)
	at org.apache.catalina.core.ApplicationFilterChain.doFilter(ApplicationFilterChain.java:107)
	at org.apache.catalina.core.StandardWrapperValve.invoke(StandardWrapperValve.java:165)
	at org.apache.catalina.core.StandardContextValve.invoke(StandardContextValve.java:77)
	at org.apache.catalina.authenticator.AuthenticatorBase.invoke(AuthenticatorBase.java:492)
	at org.apache.catalina.core.StandardHostValve.invoke(StandardHostValve.java:113)
	at org.apache.catalina.valves.ErrorReportValve.invoke(ErrorReportValve.java:83)
	at org.apache.catalina.core.StandardEngineValve.invoke(StandardEngineValve.java:72)
	at org.apache.catalina.connector.CoyoteAdapter.service(CoyoteAdapter.java:341)
	at org.apache.coyote.http11.Http11Processor.service(Http11Processor.java:397)
	at org.apache.coyote.AbstractProcessorLight.process(AbstractProcessorLight.java:63)
	at org.apache.coyote.AbstractProtocol$ConnectionHandler.process(AbstractProtocol.java:903)
	at org.apache.tomcat.util.net.NioEndpoint$SocketProcessor.doRun(NioEndpoint.java:1801)
	at org.apache.tomcat.util.net.SocketProcessorBase.run(SocketProcessorBase.java:52)
	at org.apache.tomcat.util.threads.ThreadPoolExecutor.runWorker(ThreadPoolExecutor.java:946)
	at org.apache.tomcat.util.threads.ThreadPoolExecutor$Worker.run(ThreadPoolExecutor.java:480)
	at org.apache.tomcat.util.threads.TaskThread$WrappingRunnable.run(TaskThread.java:57)
	at java.base/java.lang.Thread.run(Thread.java:1583)
11:53:03 INFO  PUT /api/inventario/producto/1/descontar - Solicitud para descontar 15 unidades
11:53:03 INFO  Iniciando proceso de descuento de stock para Producto ID: 1
11:53:03 INFO  Buscando inventario para el Producto ID: 1
11:53:03 INFO  Actualizando inventario en la base de datos...
11:53:03 INFO  El stock del producto ID: 1 llegó a CERO. Notificando a catalogo-service...
11:53:03 INFO  Catalogo-service notificado con éxito. Producto deshabilitado.
11:53:03 INFO  Stock descontado exitosamente. Nuevo stock para Producto ID 1: 0
12:01:16 INFO  Restarting due to 1 class path change (0 additions, 0 deletions, 1 modification)
12:01:16 INFO  Unregistering application INVENTARIO-SERVICE with eureka with status DOWN
12:01:16 INFO  Commencing graceful shutdown. Waiting for active requests to complete
12:01:16 INFO  Graceful shutdown complete
12:01:16 INFO  Closing JPA EntityManagerFactory for persistence unit 'default'
12:01:16 INFO  HikariPool-1 - Shutdown initiated...
12:01:16 INFO  HikariPool-1 - Shutdown completed.
12:01:16 INFO  Shutting down DiscoveryClient ...
12:01:16 INFO  Completed shut down of DiscoveryClient
12:01:17 INFO  Starting InventarioServiceApplication using Java 21.0.10 with PID 6772 (D:\Proyectos\Ferreteria\inventario-service\target\classes started by hecto in D:\Proyectos\Ferreteria\inventario-service)
12:01:17 INFO  No active profile set, falling back to 1 default profile: "default"
12:01:18 INFO  Bootstrapping Spring Data JPA repositories in DEFAULT mode.
12:01:18 INFO  Finished Spring Data repository scanning in 30 ms. Found 1 JPA repository interface.
12:01:19 INFO  BeanFactory id=25e9a9bb-3bda-3fe8-b31a-14f351d10ed2
12:01:19 INFO  Tomcat initialized with port 9093 (http)
12:01:19 INFO  Starting service [Tomcat]
12:01:19 INFO  Starting Servlet engine: [Apache Tomcat/11.0.21]
12:01:19 INFO  Root WebApplicationContext: initialization completed in 1823 ms
12:01:19 INFO  HikariPool-2 - Starting...
12:01:19 INFO  HikariPool-2 - Added connection com.mysql.cj.jdbc.ConnectionImpl@165a3d53
12:01:19 INFO  HikariPool-2 - Start completed.
12:01:22 INFO  Reading from db_inventario.databasechangelog
12:01:22 INFO  Database is up to date, no changesets to execute
12:01:22 INFO  Reading from db_inventario.databasechangelog
12:01:22 INFO  UPDATE SUMMARY
12:01:22 INFO  Run:                          0
12:01:22 INFO  Previously run:               2
12:01:22 INFO  Filtered out:                 0
12:01:22 INFO  -------------------------------
12:01:22 INFO  Total change sets:            2
12:01:22 INFO  Update summary generated
12:01:22 INFO  Command execution complete
12:01:22 INFO  HHH008540: Processing PersistenceUnitInfo [name: default]
12:01:22 INFO  No LoadTimeWeaver setup: ignoring JPA class transformer
12:01:22 WARN  HHH000511: The 5.5.5 version for [org.hibernate.dialect.MySQLDialect] is no longer supported, hence certain features may not work properly.The minimum supported version is 8.0.0. Check the community dialects project for available legacy versions.
12:01:22 INFO  HHH10001005: Database info:
	Database JDBC URL [jdbc:mysql://localhost:3306/db_inventario?useSSL=false&serverTimezone=UTC&createDatabaseIfNotExist=true]
	Database driver: MySQL Connector/J
	Database dialect: MySQLDialect
	Database version: 5.5.5
	Default catalog/schema: db_inventario/undefined
	Autocommit mode: undefined/unknown
	Isolation level: REPEATABLE_READ [default REPEATABLE_READ]
	JDBC fetch size: none
	Pool: DataSourceConnectionProvider
	Minimum pool size: undefined/unknown
	Maximum pool size: undefined/unknown
12:01:22 INFO  HHH000489: No JTA platform available (set 'hibernate.transaction.jta.platform' to enable JTA platform integration)
12:01:22 INFO  Initialized JPA EntityManagerFactory for persistence unit 'default'
12:01:22 WARN  spring.jpa.open-in-view is enabled by default. Therefore, database queries may be performed during view rendering. Explicitly configure spring.jpa.open-in-view to disable this warning
12:01:22 INFO  Eureka HTTP Client uses RestClient.
12:01:22 WARN  Spring Cloud LoadBalancer is currently working with the default cache. While this cache implementation is useful for development and tests, it's recommended to use Caffeine cache in production.You can switch to using Caffeine cache, by adding it and org.springframework.cache.caffeine.CaffeineCacheManager to the classpath.
12:01:23 INFO  Setting initial instance status as: STARTING
12:01:23 INFO  Initializing Eureka in region us-east-1
12:01:23 INFO  Client configured to neither register nor query for data.
12:01:23 INFO  Discovery Client initialized at timestamp 1778774483037 with initial instances count: 0
12:01:23 INFO  Registering application INVENTARIO-SERVICE with eureka with status UP
12:01:23 INFO  Tomcat started on port 9093 (http) with context path '/'
12:01:23 INFO  Updating port to 9093
12:01:23 INFO  Started InventarioServiceApplication in 5.94 seconds (process running for 3779.005)
12:01:23 INFO  Condition evaluation unchanged
12:01:24 INFO  Restarting due to 1 class path change (0 additions, 0 deletions, 1 modification)
12:01:24 INFO  Unregistering application INVENTARIO-SERVICE with eureka with status DOWN
12:01:24 INFO  Commencing graceful shutdown. Waiting for active requests to complete
12:01:24 INFO  Graceful shutdown complete
12:01:24 INFO  Closing JPA EntityManagerFactory for persistence unit 'default'
12:01:24 INFO  HikariPool-2 - Shutdown initiated...
12:01:24 INFO  HikariPool-2 - Shutdown completed.
12:01:24 INFO  Shutting down DiscoveryClient ...
12:01:24 INFO  Completed shut down of DiscoveryClient
12:01:24 INFO  Starting InventarioServiceApplication using Java 21.0.10 with PID 6772 (D:\Proyectos\Ferreteria\inventario-service\target\classes started by hecto in D:\Proyectos\Ferreteria\inventario-service)
12:01:24 INFO  No active profile set, falling back to 1 default profile: "default"
12:01:24 INFO  Bootstrapping Spring Data JPA repositories in DEFAULT mode.
12:01:24 INFO  Finished Spring Data repository scanning in 14 ms. Found 1 JPA repository interface.
12:01:24 INFO  BeanFactory id=25e9a9bb-3bda-3fe8-b31a-14f351d10ed2
12:01:24 INFO  Tomcat initialized with port 9093 (http)
12:01:25 INFO  Starting service [Tomcat]
12:01:25 INFO  Starting Servlet engine: [Apache Tomcat/11.0.21]
12:01:25 INFO  Root WebApplicationContext: initialization completed in 646 ms
12:01:25 INFO  HikariPool-3 - Starting...
12:01:25 INFO  HikariPool-3 - Added connection com.mysql.cj.jdbc.ConnectionImpl@51e9b393
12:01:25 INFO  HikariPool-3 - Start completed.
12:01:25 INFO  Reading from db_inventario.databasechangelog
12:01:25 INFO  Database is up to date, no changesets to execute
12:01:25 INFO  Reading from db_inventario.databasechangelog
12:01:25 INFO  UPDATE SUMMARY
12:01:25 INFO  Run:                          0
12:01:25 INFO  Previously run:               2
12:01:25 INFO  Filtered out:                 0
12:01:25 INFO  -------------------------------
12:01:25 INFO  Total change sets:            2
12:01:25 INFO  Update summary generated
12:01:25 INFO  Command execution complete
12:01:25 INFO  HHH008540: Processing PersistenceUnitInfo [name: default]
12:01:25 INFO  No LoadTimeWeaver setup: ignoring JPA class transformer
12:01:25 WARN  HHH000511: The 5.5.5 version for [org.hibernate.dialect.MySQLDialect] is no longer supported, hence certain features may not work properly.The minimum supported version is 8.0.0. Check the community dialects project for available legacy versions.
12:01:25 INFO  HHH10001005: Database info:
	Database JDBC URL [jdbc:mysql://localhost:3306/db_inventario?useSSL=false&serverTimezone=UTC&createDatabaseIfNotExist=true]
	Database driver: MySQL Connector/J
	Database dialect: MySQLDialect
	Database version: 5.5.5
	Default catalog/schema: db_inventario/undefined
	Autocommit mode: undefined/unknown
	Isolation level: REPEATABLE_READ [default REPEATABLE_READ]
	JDBC fetch size: none
	Pool: DataSourceConnectionProvider
	Minimum pool size: undefined/unknown
	Maximum pool size: undefined/unknown
12:01:25 INFO  HHH000489: No JTA platform available (set 'hibernate.transaction.jta.platform' to enable JTA platform integration)
12:01:25 INFO  Initialized JPA EntityManagerFactory for persistence unit 'default'
12:01:25 WARN  spring.jpa.open-in-view is enabled by default. Therefore, database queries may be performed during view rendering. Explicitly configure spring.jpa.open-in-view to disable this warning
12:01:25 INFO  Eureka HTTP Client uses RestClient.
12:01:25 WARN  Spring Cloud LoadBalancer is currently working with the default cache. While this cache implementation is useful for development and tests, it's recommended to use Caffeine cache in production.You can switch to using Caffeine cache, by adding it and org.springframework.cache.caffeine.CaffeineCacheManager to the classpath.
12:01:25 INFO  Setting initial instance status as: STARTING
12:01:25 INFO  Initializing Eureka in region us-east-1
12:01:25 INFO  Client configured to neither register nor query for data.
12:01:25 INFO  Discovery Client initialized at timestamp 1778774485922 with initial instances count: 0
12:01:25 INFO  Registering application INVENTARIO-SERVICE with eureka with status UP
12:01:25 INFO  Tomcat started on port 9093 (http) with context path '/'
12:01:25 INFO  Updating port to 9093
12:01:25 INFO  Started InventarioServiceApplication in 1.573 seconds (process running for 3781.86)
12:01:25 INFO  Condition evaluation unchanged
12:04:38 INFO  Initializing Spring DispatcherServlet 'dispatcherServlet'
12:04:38 INFO  Initializing Servlet 'dispatcherServlet'
12:04:38 INFO  Completed initialization in 2 ms
12:04:38 INFO  GET /api/inventario - Solicitud para listar todo el inventario
12:04:38 INFO  Consultando todos los registros de inventario en la base de datos
12:06:15 INFO  POST /api/inventario - Solicitud para registrar inventario del Producto ID: 12
12:06:15 INFO  Iniciando guardado de inventario para Producto ID: 12
12:06:15 INFO  Inventario registrado exitosamente con ID interno: 12
12:06:22 INFO  POST /api/inventario - Solicitud para registrar inventario del Producto ID: 13
12:06:22 INFO  Iniciando guardado de inventario para Producto ID: 13
12:06:22 INFO  Inventario registrado exitosamente con ID interno: 13
12:12:14 INFO  Restarting due to 1 class path change (0 additions, 0 deletions, 1 modification)
12:12:14 INFO  Unregistering application INVENTARIO-SERVICE with eureka with status DOWN
12:12:14 INFO  Commencing graceful shutdown. Waiting for active requests to complete
12:12:14 INFO  Graceful shutdown complete
12:12:14 INFO  Closing JPA EntityManagerFactory for persistence unit 'default'
12:12:14 INFO  HikariPool-3 - Shutdown initiated...
12:12:14 INFO  HikariPool-3 - Shutdown completed.
12:12:14 INFO  Shutting down DiscoveryClient ...
12:12:14 INFO  Completed shut down of DiscoveryClient
12:12:14 INFO  Starting InventarioServiceApplication using Java 21.0.10 with PID 6772 (D:\Proyectos\Ferreteria\inventario-service\target\classes started by hecto in D:\Proyectos\Ferreteria\inventario-service)
12:12:14 INFO  No active profile set, falling back to 1 default profile: "default"
12:12:15 INFO  Bootstrapping Spring Data JPA repositories in DEFAULT mode.
12:12:15 INFO  Finished Spring Data repository scanning in 19 ms. Found 1 JPA repository interface.
12:12:15 INFO  BeanFactory id=25e9a9bb-3bda-3fe8-b31a-14f351d10ed2
12:12:15 INFO  Tomcat initialized with port 9093 (http)
12:12:15 INFO  Starting service [Tomcat]
12:12:15 INFO  Starting Servlet engine: [Apache Tomcat/11.0.21]
12:12:15 INFO  Root WebApplicationContext: initialization completed in 1017 ms
12:12:15 INFO  HikariPool-4 - Starting...
12:12:15 INFO  HikariPool-4 - Added connection com.mysql.cj.jdbc.ConnectionImpl@532fb011
12:12:15 INFO  HikariPool-4 - Start completed.
12:12:16 INFO  Reading from db_inventario.databasechangelog
12:12:16 INFO  Database is up to date, no changesets to execute
12:12:16 INFO  Reading from db_inventario.databasechangelog
12:12:16 INFO  UPDATE SUMMARY
12:12:16 INFO  Run:                          0
12:12:16 INFO  Previously run:               2
12:12:16 INFO  Filtered out:                 0
12:12:16 INFO  -------------------------------
12:12:16 INFO  Total change sets:            2
12:12:16 INFO  Update summary generated
12:12:16 INFO  Command execution complete
12:12:16 INFO  HHH008540: Processing PersistenceUnitInfo [name: default]
12:12:16 INFO  No LoadTimeWeaver setup: ignoring JPA class transformer
12:12:16 WARN  HHH000511: The 5.5.5 version for [org.hibernate.dialect.MySQLDialect] is no longer supported, hence certain features may not work properly.The minimum supported version is 8.0.0. Check the community dialects project for available legacy versions.
12:12:16 INFO  HHH10001005: Database info:
	Database JDBC URL [jdbc:mysql://localhost:3306/db_inventario?useSSL=false&serverTimezone=UTC&createDatabaseIfNotExist=true]
	Database driver: MySQL Connector/J
	Database dialect: MySQLDialect
	Database version: 5.5.5
	Default catalog/schema: db_inventario/undefined
	Autocommit mode: undefined/unknown
	Isolation level: REPEATABLE_READ [default REPEATABLE_READ]
	JDBC fetch size: none
	Pool: DataSourceConnectionProvider
	Minimum pool size: undefined/unknown
	Maximum pool size: undefined/unknown
12:12:16 INFO  HHH000489: No JTA platform available (set 'hibernate.transaction.jta.platform' to enable JTA platform integration)
12:12:16 INFO  Initialized JPA EntityManagerFactory for persistence unit 'default'
12:12:16 WARN  spring.jpa.open-in-view is enabled by default. Therefore, database queries may be performed during view rendering. Explicitly configure spring.jpa.open-in-view to disable this warning
12:12:16 INFO  Eureka HTTP Client uses RestClient.
12:12:16 WARN  Spring Cloud LoadBalancer is currently working with the default cache. While this cache implementation is useful for development and tests, it's recommended to use Caffeine cache in production.You can switch to using Caffeine cache, by adding it and org.springframework.cache.caffeine.CaffeineCacheManager to the classpath.
12:12:17 INFO  Setting initial instance status as: STARTING
12:12:17 INFO  Initializing Eureka in region us-east-1
12:12:17 INFO  Client configured to neither register nor query for data.
12:12:17 INFO  Discovery Client initialized at timestamp 1778775137010 with initial instances count: 0
12:12:17 INFO  Registering application INVENTARIO-SERVICE with eureka with status UP
12:12:17 INFO  Tomcat started on port 9093 (http) with context path '/'
12:12:17 INFO  Updating port to 9093
12:12:17 INFO  Started InventarioServiceApplication in 2.394 seconds (process running for 4432.972)
12:12:17 INFO  Condition evaluation unchanged
