05:03:32 INFO  Starting CatalogoServiceApplication v0.0.1-SNAPSHOT using Java 21.0.11 with PID 1 (/app/app.jar started by root in /app)
05:03:32 INFO  No active profile set, falling back to 1 default profile: "default"
05:03:39 INFO  Bootstrapping Spring Data JPA repositories in DEFAULT mode.
05:03:40 INFO  Finished Spring Data repository scanning in 577 ms. Found 1 JPA repository interface.
05:03:42 INFO  BeanFactory id=ab7ba816-bd69-34ba-98fd-095c01663286
05:03:45 INFO  Tomcat initialized with port 9091 (http)
05:03:45 INFO  Starting service [Tomcat]
05:03:45 INFO  Starting Servlet engine: [Apache Tomcat/11.0.20]
05:03:46 INFO  Root WebApplicationContext: initialization completed in 13237 ms
05:03:47 INFO  HikariPool-1 - Starting...
05:03:48 INFO  HikariPool-1 - Added connection com.mysql.cj.jdbc.ConnectionImpl@2d801d8
05:03:48 INFO  HikariPool-1 - Start completed.
05:03:52 INFO  Creating database changelog table with name: db_catalogo.databasechangelog
05:03:53 INFO  Reading from db_catalogo.databasechangelog
05:03:53 INFO  Creating snapshot
05:03:53 INFO  Name 'PK_DATABASECHANGELOGLOCK' ignored for PRIMARY key.
05:03:53 INFO  Successfully acquired change log lock
05:03:53 INFO  Using deploymentId: 3832627230
05:03:53 INFO  Reading from db_catalogo.databasechangelog
05:03:53 INFO  Running Changeset: db/changelog/db.changelog.sql::1::hector
05:03:53 INFO  Custom SQL executed
05:03:53 INFO  ChangeSet db/changelog/db.changelog.sql::1::hector ran successfully in 74ms
05:03:53 INFO  Running Changeset: db/changelog/db.changelog.sql::2::hector
05:03:53 INFO  Custom SQL executed
05:03:53 INFO  ChangeSet db/changelog/db.changelog.sql::2::hector ran successfully in 88ms
05:03:53 INFO  UPDATE SUMMARY
05:03:53 INFO  Run:                          2
05:03:53 INFO  Previously run:               0
05:03:53 INFO  Filtered out:                 0
05:03:53 INFO  -------------------------------
05:03:53 INFO  Total change sets:            2
05:03:53 INFO  Update summary generated
05:03:54 INFO  Update command completed successfully.
05:03:54 INFO  Liquibase: Update has been successful. Rows affected: 10
05:03:54 INFO  Successfully released change log lock
05:03:54 INFO  Command execution complete
05:03:54 INFO  HHH008540: Processing PersistenceUnitInfo [name: default]
05:03:54 INFO  HHH000001: Hibernate ORM core version 7.2.7.Final
05:03:57 INFO  No LoadTimeWeaver setup: ignoring JPA class transformer
05:03:57 WARN  HHH000511: The 5.5.5 version for [org.hibernate.dialect.MySQLDialect] is no longer supported, hence certain features may not work properly.The minimum supported version is 8.0.0. Check the community dialects project for available legacy versions.
05:03:57 INFO  HHH10001005: Database info:
	Database JDBC URL [jdbc:mysql://host.docker.internal:3306/db_catalogo?useSSL=false&serverTimezone=UTC&createDatabaseIfNotExist=true&autoReconnect=true&socketTimeout=10000&connectTimeout=10000]
	Database driver: MySQL Connector/J
	Database dialect: MySQLDialect
	Database version: 5.5.5
	Default catalog/schema: db_catalogo/undefined
	Autocommit mode: undefined/unknown
	Isolation level: REPEATABLE_READ [default REPEATABLE_READ]
	JDBC fetch size: none
	Pool: DataSourceConnectionProvider
	Minimum pool size: undefined/unknown
	Maximum pool size: undefined/unknown
05:04:00 INFO  HHH000489: No JTA platform available (set 'hibernate.transaction.jta.platform' to enable JTA platform integration)
05:04:00 INFO  Initialized JPA EntityManagerFactory for persistence unit 'default'
05:04:00 INFO  Hibernate is in classpath; If applicable, HQL parser will be used.
05:04:02 WARN  spring.jpa.open-in-view is enabled by default. Therefore, database queries may be performed during view rendering. Explicitly configure spring.jpa.open-in-view to disable this warning
05:04:04 INFO  Eureka HTTP Client uses RestClient.
05:04:05 WARN  Spring Cloud LoadBalancer is currently working with the default cache. While this cache implementation is useful for development and tests, it's recommended to use Caffeine cache in production.You can switch to using Caffeine cache, by adding it and org.springframework.cache.caffeine.CaffeineCacheManager to the classpath.
05:04:05 INFO  Setting initial instance status as: STARTING
05:04:05 INFO  Initializing Eureka in region us-east-1
05:04:05 INFO  Resolving eureka endpoints via configuration
05:04:05 INFO  Disable delta property : false
05:04:05 INFO  Single vip registry refresh property : null
05:04:05 INFO  Force full registry fetch : false
05:04:05 INFO  Application is null : false
05:04:05 INFO  Registered Applications size is zero : true
05:04:05 INFO  Application version is -1: true
05:04:05 INFO  Getting all instance registry info from the eureka server
05:04:06 INFO  The response status is 200
05:04:06 INFO  Starting heartbeat executor: renew interval is: 30
05:04:06 INFO  InstanceInfoReplicator onDemand update allowed rate per min is 4
05:04:06 INFO  Discovery Client initialized at timestamp 1783832646736 with initial instances count: 1
05:04:06 INFO  Registering application CATALOGO-SERVICE with eureka with status UP
05:04:06 INFO  Saw local status change event StatusChangeEvent [timestamp=1783832646760, current=UP, previous=STARTING]
05:04:06 INFO  DiscoveryClient_CATALOGO-SERVICE/catalogo-service:9091: registering service...
05:04:06 INFO  Tomcat started on port 9091 (http) with context path '/'
05:04:06 INFO  Updating port to 9091
05:04:06 INFO  Started CatalogoServiceApplication in 37.643 seconds (process running for 41.375)
05:04:07 INFO  DiscoveryClient_CATALOGO-SERVICE/catalogo-service:9091 - registration status: 204
05:04:08 INFO  El catálogo ya contiene herramientas. Omitiendo carga inicial.
05:04:08 WARN  SpringDoc /api/productos/v3/api-docs endpoint is enabled by default. To disable it in production, set the property 'springdoc.api-docs.enabled=false'
05:04:08 WARN  SpringDoc /swagger-ui.html endpoint is enabled by default. To disable it in production, set the property 'springdoc.swagger-ui.enabled=false'
05:07:48 INFO  Unregistering application CATALOGO-SERVICE with eureka with status DOWN
05:07:48 INFO  Saw local status change event StatusChangeEvent [timestamp=1783832868158, current=DOWN, previous=UP]
05:07:48 INFO  DiscoveryClient_CATALOGO-SERVICE/catalogo-service:9091: registering service...
05:07:48 INFO  Commencing graceful shutdown. Waiting for active requests to complete
05:07:48 INFO  DiscoveryClient_CATALOGO-SERVICE/catalogo-service:9091 - registration status: 204
05:07:48 INFO  Graceful shutdown complete
05:07:48 INFO  Closing JPA EntityManagerFactory for persistence unit 'default'
05:07:48 INFO  HikariPool-1 - Shutdown initiated...
05:07:48 INFO  HikariPool-1 - Shutdown completed.
05:07:48 INFO  Shutting down DiscoveryClient ...
05:07:51 INFO  Unregistering ...
05:07:51 INFO  DiscoveryClient_CATALOGO-SERVICE/catalogo-service:9091 - deregister  status: 200
05:07:51 INFO  Completed shut down of DiscoveryClient
