04:18:38 INFO  Starting DespachoServiceApplication v0.0.1-SNAPSHOT using Java 21.0.11 with PID 1 (/app/app.jar started by root in /app)
04:18:38 INFO  No active profile set, falling back to 1 default profile: "default"
04:18:50 INFO  Bootstrapping Spring Data JPA repositories in DEFAULT mode.
04:18:51 INFO  Finished Spring Data repository scanning in 857 ms. Found 1 JPA repository interface.
04:18:53 INFO  BeanFactory id=473ee433-77ae-3ac2-a5d4-c86e842aa104
04:18:57 INFO  Tomcat initialized with port 9095 (http)
04:18:57 INFO  Starting service [Tomcat]
04:18:57 INFO  Starting Servlet engine: [Apache Tomcat/11.0.20]
04:18:57 INFO  Root WebApplicationContext: initialization completed in 18051 ms
04:18:59 INFO  HikariPool-1 - Starting...
04:19:00 INFO  HikariPool-1 - Added connection com.mysql.cj.jdbc.ConnectionImpl@1dca62c2
04:19:00 INFO  HikariPool-1 - Start completed.
04:19:04 INFO  Creating database changelog table with name: db_despachos.databasechangelog
04:19:05 INFO  Reading from db_despachos.databasechangelog
04:19:05 INFO  Creating snapshot
04:19:05 INFO  Name 'PK_DATABASECHANGELOGLOCK' ignored for PRIMARY key.
04:19:05 INFO  Successfully acquired change log lock
04:19:05 INFO  Using deploymentId: 3916338971
04:19:05 INFO  Reading from db_despachos.databasechangelog
04:19:06 INFO  Running Changeset: db/changelog/db.changelog.sql::1::hector
04:19:06 INFO  Custom SQL executed
04:19:06 INFO  ChangeSet db/changelog/db.changelog.sql::1::hector ran successfully in 147ms
04:19:06 INFO  Running Changeset: db/changelog/db.changelog.sql::2::hector
04:19:06 INFO  Custom SQL executed
04:19:06 INFO  ChangeSet db/changelog/db.changelog.sql::2::hector ran successfully in 94ms
04:19:06 INFO  Running Changeset: db/changelog/db.changelog.sql::3::hector
04:19:06 INFO  Custom SQL executed
04:19:06 INFO  ChangeSet db/changelog/db.changelog.sql::3::hector ran successfully in 49ms
04:19:06 INFO  UPDATE SUMMARY
04:19:06 INFO  Run:                          3
04:19:06 INFO  Previously run:               0
04:19:06 INFO  Filtered out:                 0
04:19:06 INFO  -------------------------------
04:19:06 INFO  Total change sets:            3
04:19:06 INFO  Update summary generated
04:19:06 INFO  Update command completed successfully.
04:19:06 INFO  Liquibase: Update has been successful. Rows affected: 10
04:19:06 INFO  Successfully released change log lock
04:19:06 INFO  Command execution complete
04:19:06 INFO  HHH008540: Processing PersistenceUnitInfo [name: default]
04:19:07 INFO  HHH000001: Hibernate ORM core version 7.2.7.Final
04:19:08 INFO  No LoadTimeWeaver setup: ignoring JPA class transformer
04:19:09 WARN  HHH000511: The 5.5.5 version for [org.hibernate.dialect.MySQLDialect] is no longer supported, hence certain features may not work properly.The minimum supported version is 8.0.0. Check the community dialects project for available legacy versions.
04:19:09 INFO  HHH10001005: Database info:
	Database JDBC URL [jdbc:mysql://host.docker.internal:3306/db_despachos?useSSL=false&serverTimezone=UTC&createDatabaseIfNotExist=true&autoReconnect=true&socketTimeout=10000&connectTimeout=10000]
	Database driver: MySQL Connector/J
	Database dialect: MySQLDialect
	Database version: 5.5.5
	Default catalog/schema: db_despachos/undefined
	Autocommit mode: undefined/unknown
	Isolation level: REPEATABLE_READ [default REPEATABLE_READ]
	JDBC fetch size: none
	Pool: DataSourceConnectionProvider
	Minimum pool size: undefined/unknown
	Maximum pool size: undefined/unknown
04:19:12 INFO  HHH000489: No JTA platform available (set 'hibernate.transaction.jta.platform' to enable JTA platform integration)
04:19:12 INFO  Initialized JPA EntityManagerFactory for persistence unit 'default'
04:19:13 INFO  Hibernate is in classpath; If applicable, HQL parser will be used.
04:19:14 WARN  spring.jpa.open-in-view is enabled by default. Therefore, database queries may be performed during view rendering. Explicitly configure spring.jpa.open-in-view to disable this warning
04:19:17 INFO  Eureka HTTP Client uses RestClient.
04:19:18 WARN  Spring Cloud LoadBalancer is currently working with the default cache. While this cache implementation is useful for development and tests, it's recommended to use Caffeine cache in production.You can switch to using Caffeine cache, by adding it and org.springframework.cache.caffeine.CaffeineCacheManager to the classpath.
04:19:18 INFO  Setting initial instance status as: STARTING
04:19:18 INFO  Initializing Eureka in region us-east-1
04:19:18 INFO  Resolving eureka endpoints via configuration
04:19:18 INFO  Disable delta property : false
04:19:18 INFO  Single vip registry refresh property : null
04:19:18 INFO  Force full registry fetch : false
04:19:18 INFO  Application is null : false
04:19:18 INFO  Registered Applications size is zero : true
04:19:18 INFO  Application version is -1: true
04:19:18 INFO  Getting all instance registry info from the eureka server
04:19:20 INFO  The response status is 200
04:19:20 INFO  Starting heartbeat executor: renew interval is: 30
04:19:20 INFO  InstanceInfoReplicator onDemand update allowed rate per min is 4
04:19:20 INFO  Discovery Client initialized at timestamp 1783916360297 with initial instances count: 2
04:19:20 INFO  Registering application DESPACHO-SERVICE with eureka with status UP
04:19:20 INFO  Saw local status change event StatusChangeEvent [timestamp=1783916360318, current=UP, previous=STARTING]
04:19:20 INFO  DiscoveryClient_DESPACHO-SERVICE/despacho-service:9095: registering service...
04:19:20 INFO  Tomcat started on port 9095 (http) with context path '/'
04:19:20 INFO  Updating port to 9095
04:19:20 INFO  Started DespachoServiceApplication in 45.85 seconds (process running for 50.655)
04:19:20 WARN  SpringDoc /api/despachos/v3/api-docs endpoint is enabled by default. To disable it in production, set the property 'springdoc.api-docs.enabled=false'
04:19:20 WARN  SpringDoc /swagger-ui.html endpoint is enabled by default. To disable it in production, set the property 'springdoc.swagger-ui.enabled=false'
04:19:20 INFO  DiscoveryClient_DESPACHO-SERVICE/despacho-service:9095 - registration status: 204
04:24:18 INFO  Resolving eureka endpoints via configuration
04:29:18 INFO  Resolving eureka endpoints via configuration
04:32:15 INFO  Unregistering application DESPACHO-SERVICE with eureka with status DOWN
04:32:15 INFO  Saw local status change event StatusChangeEvent [timestamp=1783917135498, current=DOWN, previous=UP]
04:32:15 INFO  DiscoveryClient_DESPACHO-SERVICE/despacho-service:9095: registering service...
04:32:15 INFO  DiscoveryClient_DESPACHO-SERVICE/despacho-service:9095 - registration status: 204
04:32:15 INFO  Commencing graceful shutdown. Waiting for active requests to complete
04:32:15 INFO  Graceful shutdown complete
04:32:15 INFO  Closing JPA EntityManagerFactory for persistence unit 'default'
04:32:15 INFO  HikariPool-1 - Shutdown initiated...
04:32:15 INFO  HikariPool-1 - Shutdown completed.
04:32:15 INFO  Shutting down DiscoveryClient ...
04:32:18 INFO  Unregistering ...
04:32:18 INFO  DiscoveryClient_DESPACHO-SERVICE/despacho-service:9095 - deregister  status: 200
04:32:18 INFO  Completed shut down of DiscoveryClient
