04:18:37 INFO  Starting PromocionServiceApplication v0.0.1-SNAPSHOT using Java 21.0.11 with PID 1 (/app/app.jar started by root in /app)
04:18:37 INFO  No active profile set, falling back to 1 default profile: "default"
04:18:49 INFO  Bootstrapping Spring Data JPA repositories in DEFAULT mode.
04:18:50 INFO  Finished Spring Data repository scanning in 795 ms. Found 1 JPA repository interface.
04:18:52 INFO  BeanFactory id=8b934837-df7a-33cf-9bd8-15e16b810425
04:18:55 INFO  Tomcat initialized with port 9099 (http)
04:18:55 INFO  Starting service [Tomcat]
04:18:55 INFO  Starting Servlet engine: [Apache Tomcat/11.0.20]
04:18:56 INFO  Root WebApplicationContext: initialization completed in 17789 ms
04:18:57 INFO  HikariPool-1 - Starting...
04:18:59 INFO  HikariPool-1 - Added connection com.mysql.cj.jdbc.ConnectionImpl@2299d903
04:18:59 INFO  HikariPool-1 - Start completed.
04:19:03 INFO  Creating database changelog table with name: db_promociones.databasechangelog
04:19:04 INFO  Reading from db_promociones.databasechangelog
04:19:04 INFO  Creating snapshot
04:19:04 INFO  Name 'PK_DATABASECHANGELOGLOCK' ignored for PRIMARY key.
04:19:04 INFO  Successfully acquired change log lock
04:19:04 INFO  Using deploymentId: 3916337482
04:19:04 INFO  Reading from db_promociones.databasechangelog
04:19:04 INFO  Running Changeset: db/changelog/db.changelog.sql::1::hector
04:19:05 INFO  Custom SQL executed
04:19:05 INFO  ChangeSet db/changelog/db.changelog.sql::1::hector ran successfully in 136ms
04:19:05 INFO  Running Changeset: db/changelog/db.changelog.sql::2::hector
04:19:05 INFO  Custom SQL executed
04:19:05 INFO  ChangeSet db/changelog/db.changelog.sql::2::hector ran successfully in 31ms
04:19:05 INFO  UPDATE SUMMARY
04:19:05 INFO  Run:                          2
04:19:05 INFO  Previously run:               0
04:19:05 INFO  Filtered out:                 0
04:19:05 INFO  -------------------------------
04:19:05 INFO  Total change sets:            2
04:19:05 INFO  Update summary generated
04:19:05 INFO  Update command completed successfully.
04:19:05 INFO  Liquibase: Update has been successful. Rows affected: 5
04:19:05 INFO  Successfully released change log lock
04:19:05 INFO  Command execution complete
04:19:05 INFO  HHH008540: Processing PersistenceUnitInfo [name: default]
04:19:05 INFO  HHH000001: Hibernate ORM core version 7.2.7.Final
04:19:08 INFO  No LoadTimeWeaver setup: ignoring JPA class transformer
04:19:08 WARN  HHH000511: The 5.5.5 version for [org.hibernate.dialect.MySQLDialect] is no longer supported, hence certain features may not work properly.The minimum supported version is 8.0.0. Check the community dialects project for available legacy versions.
04:19:08 INFO  HHH10001005: Database info:
	Database JDBC URL [jdbc:mysql://host.docker.internal:3306/db_promociones?useSSL=false&serverTimezone=UTC&createDatabaseIfNotExist=true&autoReconnect=true&socketTimeout=10000&connectTimeout=10000]
	Database driver: MySQL Connector/J
	Database dialect: MySQLDialect
	Database version: 5.5.5
	Default catalog/schema: db_promociones/undefined
	Autocommit mode: undefined/unknown
	Isolation level: REPEATABLE_READ [default REPEATABLE_READ]
	JDBC fetch size: none
	Pool: DataSourceConnectionProvider
	Minimum pool size: undefined/unknown
	Maximum pool size: undefined/unknown
04:19:11 INFO  HHH000489: No JTA platform available (set 'hibernate.transaction.jta.platform' to enable JTA platform integration)
04:19:11 INFO  Initialized JPA EntityManagerFactory for persistence unit 'default'
04:19:11 INFO  Hibernate is in classpath; If applicable, HQL parser will be used.
04:19:13 WARN  spring.jpa.open-in-view is enabled by default. Therefore, database queries may be performed during view rendering. Explicitly configure spring.jpa.open-in-view to disable this warning
04:19:17 INFO  Eureka HTTP Client uses RestClient.
04:19:17 WARN  Spring Cloud LoadBalancer is currently working with the default cache. While this cache implementation is useful for development and tests, it's recommended to use Caffeine cache in production.You can switch to using Caffeine cache, by adding it and org.springframework.cache.caffeine.CaffeineCacheManager to the classpath.
04:19:17 INFO  Setting initial instance status as: STARTING
04:19:17 INFO  Initializing Eureka in region us-east-1
04:19:17 INFO  Resolving eureka endpoints via configuration
04:19:17 INFO  Disable delta property : false
04:19:17 INFO  Single vip registry refresh property : null
04:19:17 INFO  Force full registry fetch : false
04:19:17 INFO  Application is null : false
04:19:17 INFO  Registered Applications size is zero : true
04:19:17 INFO  Application version is -1: true
04:19:17 INFO  Getting all instance registry info from the eureka server
04:19:19 INFO  The response status is 200
04:19:19 INFO  Starting heartbeat executor: renew interval is: 30
04:19:19 INFO  InstanceInfoReplicator onDemand update allowed rate per min is 4
04:19:19 INFO  Discovery Client initialized at timestamp 1783916359972 with initial instances count: 2
04:19:19 INFO  Registering application PROMOCION-SERVICE with eureka with status UP
04:19:19 INFO  Saw local status change event StatusChangeEvent [timestamp=1783916359994, current=UP, previous=STARTING]
04:19:20 INFO  DiscoveryClient_PROMOCION-SERVICE/promocion-service:9099: registering service...
04:19:20 INFO  Tomcat started on port 9099 (http) with context path '/'
04:19:20 INFO  Updating port to 9099
04:19:20 INFO  Started PromocionServiceApplication in 46.286 seconds (process running for 50.615)
04:19:20 WARN  SpringDoc /api/promociones/v3/api-docs endpoint is enabled by default. To disable it in production, set the property 'springdoc.api-docs.enabled=false'
04:19:20 WARN  SpringDoc /swagger-ui.html endpoint is enabled by default. To disable it in production, set the property 'springdoc.swagger-ui.enabled=false'
04:19:20 INFO  DiscoveryClient_PROMOCION-SERVICE/promocion-service:9099 - registration status: 204
04:24:17 INFO  Resolving eureka endpoints via configuration
04:29:17 INFO  Resolving eureka endpoints via configuration
04:32:15 INFO  Unregistering application PROMOCION-SERVICE with eureka with status DOWN
04:32:15 INFO  Saw local status change event StatusChangeEvent [timestamp=1783917135504, current=DOWN, previous=UP]
04:32:15 INFO  DiscoveryClient_PROMOCION-SERVICE/promocion-service:9099: registering service...
04:32:15 INFO  DiscoveryClient_PROMOCION-SERVICE/promocion-service:9099 - registration status: 204
04:32:15 INFO  Commencing graceful shutdown. Waiting for active requests to complete
04:32:15 INFO  Graceful shutdown complete
04:32:15 INFO  Closing JPA EntityManagerFactory for persistence unit 'default'
04:32:15 INFO  HikariPool-1 - Shutdown initiated...
04:32:15 INFO  HikariPool-1 - Shutdown completed.
04:32:15 INFO  Shutting down DiscoveryClient ...
04:32:18 INFO  Unregistering ...
04:32:19 INFO  DiscoveryClient_PROMOCION-SERVICE/promocion-service:9099 - deregister  status: 200
04:32:19 INFO  Completed shut down of DiscoveryClient
05:52:49 INFO  Starting PromocionServiceApplication v0.0.1-SNAPSHOT using Java 21.0.11 with PID 1 (/app/app.jar started by root in /app)
05:52:49 INFO  No active profile set, falling back to 1 default profile: "default"
05:52:56 INFO  Bootstrapping Spring Data JPA repositories in DEFAULT mode.
05:52:56 INFO  Finished Spring Data repository scanning in 647 ms. Found 1 JPA repository interface.
05:52:58 INFO  BeanFactory id=a96f273b-a62c-3a24-8b31-46fbdea6844c
05:53:00 INFO  Tomcat initialized with port 9099 (http)
05:53:00 INFO  Starting service [Tomcat]
05:53:00 INFO  Starting Servlet engine: [Apache Tomcat/11.0.20]
05:53:00 INFO  Root WebApplicationContext: initialization completed in 11128 ms
05:53:01 INFO  HHH008540: Processing PersistenceUnitInfo [name: default]
05:53:02 INFO  HHH000001: Hibernate ORM core version 7.2.7.Final
05:53:04 INFO  No LoadTimeWeaver setup: ignoring JPA class transformer
05:53:05 INFO  HikariPool-1 - Starting...
05:53:06 INFO  HikariPool-1 - Added connection com.mysql.cj.jdbc.ConnectionImpl@3ba96967
05:53:06 INFO  HikariPool-1 - Start completed.
05:53:07 WARN  HHH000511: The 5.5.5 version for [org.hibernate.dialect.MySQLDialect] is no longer supported, hence certain features may not work properly.The minimum supported version is 8.0.0. Check the community dialects project for available legacy versions.
05:53:07 INFO  HHH10001005: Database info:
	Database JDBC URL [jdbc:mysql://host.docker.internal:3306/db_promociones?useSSL=false&serverTimezone=UTC&createDatabaseIfNotExist=true&autoReconnect=true&socketTimeout=10000&connectTimeout=10000]
	Database driver: MySQL Connector/J
	Database dialect: MySQLDialect
	Database version: 5.5.5
	Default catalog/schema: db_promociones/undefined
	Autocommit mode: undefined/unknown
	Isolation level: REPEATABLE_READ [default REPEATABLE_READ]
	JDBC fetch size: none
	Pool: DataSourceConnectionProvider
	Minimum pool size: undefined/unknown
	Maximum pool size: undefined/unknown
05:53:12 INFO  HHH000489: No JTA platform available (set 'hibernate.transaction.jta.platform' to enable JTA platform integration)
05:53:13 INFO  Initialized JPA EntityManagerFactory for persistence unit 'default'
05:53:13 INFO  Hibernate is in classpath; If applicable, HQL parser will be used.
05:53:15 WARN  spring.jpa.open-in-view is enabled by default. Therefore, database queries may be performed during view rendering. Explicitly configure spring.jpa.open-in-view to disable this warning
05:53:18 INFO  Eureka HTTP Client uses RestClient.
05:53:19 WARN  Spring Cloud LoadBalancer is currently working with the default cache. While this cache implementation is useful for development and tests, it's recommended to use Caffeine cache in production.You can switch to using Caffeine cache, by adding it and org.springframework.cache.caffeine.CaffeineCacheManager to the classpath.
05:53:19 INFO  Setting initial instance status as: STARTING
05:53:19 INFO  Initializing Eureka in region us-east-1
05:53:19 INFO  Resolving eureka endpoints via configuration
05:53:19 INFO  Disable delta property : false
05:53:19 INFO  Single vip registry refresh property : null
05:53:19 INFO  Force full registry fetch : false
05:53:19 INFO  Application is null : false
05:53:19 INFO  Registered Applications size is zero : true
05:53:19 INFO  Application version is -1: true
05:53:19 INFO  Getting all instance registry info from the eureka server
05:53:22 INFO  The response status is 200
05:53:22 INFO  Starting heartbeat executor: renew interval is: 30
05:53:22 INFO  InstanceInfoReplicator onDemand update allowed rate per min is 4
05:53:22 INFO  Discovery Client initialized at timestamp 1783922002245 with initial instances count: 1
05:53:22 INFO  Registering application PROMOCION-SERVICE with eureka with status UP
05:53:22 INFO  Saw local status change event StatusChangeEvent [timestamp=1783922002332, current=UP, previous=STARTING]
05:53:22 INFO  DiscoveryClient_PROMOCION-SERVICE/promocion-service:9099: registering service...
05:53:22 INFO  Tomcat started on port 9099 (http) with context path '/'
05:53:22 INFO  Updating port to 9099
05:53:22 INFO  Started PromocionServiceApplication in 36.452 seconds (process running for 41.12)
05:53:22 INFO  DiscoveryClient_PROMOCION-SERVICE/promocion-service:9099 - registration status: 204
05:53:24 INFO  Iniciando la carga de promociones por defecto...
05:53:24 INFO  ¡Promociones cargadas exitosamente!
05:53:24 WARN  SpringDoc /api/promociones/v3/api-docs endpoint is enabled by default. To disable it in production, set the property 'springdoc.api-docs.enabled=false'
05:53:24 WARN  SpringDoc /swagger-ui.html endpoint is enabled by default. To disable it in production, set the property 'springdoc.swagger-ui.enabled=false'
05:58:19 INFO  Resolving eureka endpoints via configuration
06:02:58 INFO  Unregistering application PROMOCION-SERVICE with eureka with status DOWN
06:02:58 INFO  Saw local status change event StatusChangeEvent [timestamp=1783922578214, current=DOWN, previous=UP]
06:02:58 INFO  DiscoveryClient_PROMOCION-SERVICE/promocion-service:9099: registering service...
06:02:58 INFO  DiscoveryClient_PROMOCION-SERVICE/promocion-service:9099 - registration status: 204
06:02:58 INFO  Commencing graceful shutdown. Waiting for active requests to complete
06:02:58 INFO  Graceful shutdown complete
06:02:58 INFO  Closing JPA EntityManagerFactory for persistence unit 'default'
06:02:58 INFO  HikariPool-1 - Shutdown initiated...
06:02:58 INFO  HikariPool-1 - Shutdown completed.
06:02:58 INFO  Shutting down DiscoveryClient ...
06:03:01 INFO  Unregistering ...
06:03:01 INFO  DiscoveryClient_PROMOCION-SERVICE/promocion-service:9099 - deregister  status: 200
06:03:01 INFO  Completed shut down of DiscoveryClient
