04:18:38 INFO  Starting SoporteServiceApplication v0.0.1-SNAPSHOT using Java 21.0.11 with PID 1 (/app/app.jar started by root in /app)
04:18:38 INFO  No active profile set, falling back to 1 default profile: "default"
04:18:50 INFO  Bootstrapping Spring Data JPA repositories in DEFAULT mode.
04:18:51 INFO  Finished Spring Data repository scanning in 873 ms. Found 1 JPA repository interface.
04:18:54 INFO  BeanFactory id=c17ea95a-ae53-3a35-b5bc-241e1538c753
04:18:57 INFO  Tomcat initialized with port 9100 (http)
04:18:57 INFO  Starting service [Tomcat]
04:18:57 INFO  Starting Servlet engine: [Apache Tomcat/11.0.20]
04:18:58 INFO  Root WebApplicationContext: initialization completed in 19199 ms
04:18:59 INFO  HHH008540: Processing PersistenceUnitInfo [name: default]
04:19:00 INFO  HHH000001: Hibernate ORM core version 7.2.7.Final
04:19:04 INFO  No LoadTimeWeaver setup: ignoring JPA class transformer
04:19:04 INFO  HikariPool-1 - Starting...
04:19:06 INFO  HikariPool-1 - Added connection com.mysql.cj.jdbc.ConnectionImpl@4a1934e2
04:19:06 INFO  HikariPool-1 - Start completed.
04:19:06 WARN  HHH000511: The 5.5.5 version for [org.hibernate.dialect.MySQLDialect] is no longer supported, hence certain features may not work properly.The minimum supported version is 8.0.0. Check the community dialects project for available legacy versions.
04:19:06 INFO  HHH10001005: Database info:
	Database JDBC URL [jdbc:mysql://host.docker.internal:3306/db_soporte?useSSL=false&serverTimezone=UTC&createDatabaseIfNotExist=true&autoReconnect=true&socketTimeout=10000&connectTimeout=10000]
	Database driver: MySQL Connector/J
	Database dialect: MySQLDialect
	Database version: 5.5.5
	Default catalog/schema: db_soporte/undefined
	Autocommit mode: undefined/unknown
	Isolation level: REPEATABLE_READ [default REPEATABLE_READ]
	JDBC fetch size: none
	Pool: DataSourceConnectionProvider
	Minimum pool size: undefined/unknown
	Maximum pool size: undefined/unknown
04:19:10 INFO  HHH000489: No JTA platform available (set 'hibernate.transaction.jta.platform' to enable JTA platform integration)
04:19:10 INFO  Initialized JPA EntityManagerFactory for persistence unit 'default'
04:19:10 INFO  Hibernate is in classpath; If applicable, HQL parser will be used.
04:19:12 WARN  spring.jpa.open-in-view is enabled by default. Therefore, database queries may be performed during view rendering. Explicitly configure spring.jpa.open-in-view to disable this warning
04:19:15 INFO  Eureka HTTP Client uses RestClient.
04:19:15 WARN  Spring Cloud LoadBalancer is currently working with the default cache. While this cache implementation is useful for development and tests, it's recommended to use Caffeine cache in production.You can switch to using Caffeine cache, by adding it and org.springframework.cache.caffeine.CaffeineCacheManager to the classpath.
04:19:15 INFO  Setting initial instance status as: STARTING
04:19:15 INFO  Initializing Eureka in region us-east-1
04:19:16 INFO  Resolving eureka endpoints via configuration
04:19:16 INFO  Disable delta property : false
04:19:16 INFO  Single vip registry refresh property : null
04:19:16 INFO  Force full registry fetch : false
04:19:16 INFO  Application is null : false
04:19:16 INFO  Registered Applications size is zero : true
04:19:16 INFO  Application version is -1: true
04:19:16 INFO  Getting all instance registry info from the eureka server
04:19:18 INFO  The response status is 200
04:19:18 INFO  Starting heartbeat executor: renew interval is: 30
04:19:18 INFO  InstanceInfoReplicator onDemand update allowed rate per min is 4
04:19:18 INFO  Discovery Client initialized at timestamp 1783916358645 with initial instances count: 2
04:19:18 INFO  Registering application SOPORTE-SERVICE with eureka with status UP
04:19:18 INFO  Saw local status change event StatusChangeEvent [timestamp=1783916358688, current=UP, previous=STARTING]
04:19:18 INFO  DiscoveryClient_SOPORTE-SERVICE/soporte-service:9100: registering service...
04:19:18 INFO  Tomcat started on port 9100 (http) with context path '/'
04:19:18 INFO  Updating port to 9100
04:19:18 INFO  DiscoveryClient_SOPORTE-SERVICE/soporte-service:9100 - registration status: 204
04:19:18 INFO  Started SoporteServiceApplication in 44.275 seconds (process running for 49.103)
04:19:20 INFO  Iniciando la carga de tickets de soporte por defecto...
04:19:20 INFO  ¡Tickets de soporte cargados exitosamente!
04:19:20 WARN  SpringDoc /api/soporte/v3/api-docs endpoint is enabled by default. To disable it in production, set the property 'springdoc.api-docs.enabled=false'
04:19:20 WARN  SpringDoc /swagger-ui.html endpoint is enabled by default. To disable it in production, set the property 'springdoc.swagger-ui.enabled=false'
04:24:16 INFO  Resolving eureka endpoints via configuration
04:25:21 INFO  Initializing Spring DispatcherServlet 'dispatcherServlet'
04:25:21 INFO  Initializing Servlet 'dispatcherServlet'
04:25:21 INFO  Completed initialization in 2 ms
04:26:48 INFO  GET /api/soporte/1 - Solicitando detalle de ticket
04:26:48 INFO  Buscando ticket ID: 1
04:29:16 INFO  Resolving eureka endpoints via configuration
04:30:27 INFO  GET /api/soporte/2 - Solicitando detalle de ticket
04:30:27 INFO  Buscando ticket ID: 2
04:30:29 INFO  GET /api/soporte/3 - Solicitando detalle de ticket
04:30:29 INFO  Buscando ticket ID: 3
04:32:15 INFO  Unregistering application SOPORTE-SERVICE with eureka with status DOWN
04:32:15 INFO  Saw local status change event StatusChangeEvent [timestamp=1783917135471, current=DOWN, previous=UP]
04:32:15 INFO  DiscoveryClient_SOPORTE-SERVICE/soporte-service:9100: registering service...
04:32:15 INFO  Commencing graceful shutdown. Waiting for active requests to complete
04:32:15 INFO  DiscoveryClient_SOPORTE-SERVICE/soporte-service:9100 - registration status: 204
04:32:15 INFO  Graceful shutdown complete
04:32:15 INFO  Closing JPA EntityManagerFactory for persistence unit 'default'
04:32:15 INFO  HikariPool-1 - Shutdown initiated...
04:32:15 INFO  HikariPool-1 - Shutdown completed.
04:32:15 INFO  Shutting down DiscoveryClient ...
04:32:18 INFO  Unregistering ...
04:32:18 INFO  DiscoveryClient_SOPORTE-SERVICE/soporte-service:9100 - deregister  status: 200
04:32:18 INFO  Completed shut down of DiscoveryClient
