04:18:38 INFO  Starting UsuarioServiceApplication v0.0.1-SNAPSHOT using Java 21.0.11 with PID 1 (/app/app.jar started by root in /app)
04:18:39 INFO  No active profile set, falling back to 1 default profile: "default"
04:18:47 INFO  Bootstrapping Spring Data JPA repositories in DEFAULT mode.
04:18:48 INFO  Finished Spring Data repository scanning in 824 ms. Found 1 JPA repository interface.
04:18:49 INFO  BeanFactory id=58cd9558-8524-3e95-b656-08cbac7f73a5
04:18:51 INFO  Tomcat initialized with port 9092 (http)
04:18:51 INFO  Starting service [Tomcat]
04:18:51 INFO  Starting Servlet engine: [Apache Tomcat/11.0.20]
04:18:51 INFO  Root WebApplicationContext: initialization completed in 12453 ms
04:18:52 INFO  HikariPool-1 - Starting...
04:18:53 INFO  HikariPool-1 - Added connection com.mysql.cj.jdbc.ConnectionImpl@141bb6b8
04:18:53 INFO  HikariPool-1 - Start completed.
04:18:59 INFO  Creating database changelog table with name: db_usuarios.databasechangelog
04:19:00 INFO  Reading from db_usuarios.databasechangelog
04:19:00 INFO  Creating snapshot
04:19:00 INFO  Name 'PK_DATABASECHANGELOGLOCK' ignored for PRIMARY key.
04:19:01 INFO  Successfully acquired change log lock
04:19:01 INFO  Using deploymentId: 3916332382
04:19:01 INFO  Reading from db_usuarios.databasechangelog
04:19:01 INFO  Running Changeset: db/changelog/db.changelog.sql::1::hector
04:19:01 INFO  Custom SQL executed
04:19:01 INFO  ChangeSet db/changelog/db.changelog.sql::1::hector ran successfully in 119ms
04:19:01 INFO  Running Changeset: db/changelog/db.changelog.sql::2::hector
04:19:01 INFO  Custom SQL executed
04:19:01 INFO  ChangeSet db/changelog/db.changelog.sql::2::hector ran successfully in 46ms
04:19:01 INFO  UPDATE SUMMARY
04:19:01 INFO  Run:                          2
04:19:01 INFO  Previously run:               0
04:19:01 INFO  Filtered out:                 0
04:19:01 INFO  -------------------------------
04:19:01 INFO  Total change sets:            2
04:19:01 INFO  Update summary generated
04:19:01 INFO  Update command completed successfully.
04:19:01 INFO  Liquibase: Update has been successful. Rows affected: 10
04:19:01 INFO  Successfully released change log lock
04:19:01 INFO  Command execution complete
04:19:02 INFO  HHH008540: Processing PersistenceUnitInfo [name: default]
04:19:02 INFO  HHH000001: Hibernate ORM core version 7.2.7.Final
04:19:05 INFO  No LoadTimeWeaver setup: ignoring JPA class transformer
04:19:05 WARN  HHH000511: The 5.5.5 version for [org.hibernate.dialect.MySQLDialect] is no longer supported, hence certain features may not work properly.The minimum supported version is 8.0.0. Check the community dialects project for available legacy versions.
04:19:06 INFO  HHH10001005: Database info:
	Database JDBC URL [jdbc:mysql://host.docker.internal:3306/db_usuarios?useSSL=false&serverTimezone=UTC&createDatabaseIfNotExist=true&autoReconnect=true&socketTimeout=10000&connectTimeout=10000]
	Database driver: MySQL Connector/J
	Database dialect: MySQLDialect
	Database version: 5.5.5
	Default catalog/schema: db_usuarios/undefined
	Autocommit mode: undefined/unknown
	Isolation level: REPEATABLE_READ [default REPEATABLE_READ]
	JDBC fetch size: none
	Pool: DataSourceConnectionProvider
	Minimum pool size: undefined/unknown
	Maximum pool size: undefined/unknown
04:19:09 INFO  HHH000489: No JTA platform available (set 'hibernate.transaction.jta.platform' to enable JTA platform integration)
04:19:09 INFO  Initialized JPA EntityManagerFactory for persistence unit 'default'
04:19:10 INFO  Hibernate is in classpath; If applicable, HQL parser will be used.
04:19:11 WARN  spring.jpa.open-in-view is enabled by default. Therefore, database queries may be performed during view rendering. Explicitly configure spring.jpa.open-in-view to disable this warning
04:19:14 INFO  Eureka HTTP Client uses RestClient.
04:19:14 WARN  Spring Cloud LoadBalancer is currently working with the default cache. While this cache implementation is useful for development and tests, it's recommended to use Caffeine cache in production.You can switch to using Caffeine cache, by adding it and org.springframework.cache.caffeine.CaffeineCacheManager to the classpath.
04:19:14 INFO  Setting initial instance status as: STARTING
04:19:15 INFO  Initializing Eureka in region us-east-1
04:19:15 INFO  Resolving eureka endpoints via configuration
04:19:15 INFO  Disable delta property : false
04:19:15 INFO  Single vip registry refresh property : null
04:19:15 INFO  Force full registry fetch : false
04:19:15 INFO  Application is null : false
04:19:15 INFO  Registered Applications size is zero : true
04:19:15 INFO  Application version is -1: true
04:19:15 INFO  Getting all instance registry info from the eureka server
04:19:16 INFO  The response status is 200
04:19:16 INFO  Starting heartbeat executor: renew interval is: 30
04:19:16 INFO  InstanceInfoReplicator onDemand update allowed rate per min is 4
04:19:16 INFO  Discovery Client initialized at timestamp 1783916356773 with initial instances count: 2
04:19:16 INFO  Registering application USUARIO-SERVICE with eureka with status UP
04:19:16 INFO  Saw local status change event StatusChangeEvent [timestamp=1783916356822, current=UP, previous=STARTING]
04:19:16 INFO  DiscoveryClient_USUARIO-SERVICE/usuario-service:9092: registering service...
04:19:16 INFO  Tomcat started on port 9092 (http) with context path '/'
04:19:17 INFO  Updating port to 9092
04:19:17 INFO  DiscoveryClient_USUARIO-SERVICE/usuario-service:9092 - registration status: 204
04:19:17 INFO  Started UsuarioServiceApplication in 43.023 seconds (process running for 47.81)
04:19:17 WARN  SpringDoc /api/usuarios/v3/api-docs endpoint is enabled by default. To disable it in production, set the property 'springdoc.api-docs.enabled=false'
04:19:17 WARN  SpringDoc /swagger-ui.html endpoint is enabled by default. To disable it in production, set the property 'springdoc.swagger-ui.enabled=false'
04:24:15 INFO  Resolving eureka endpoints via configuration
04:24:39 INFO  Initializing Spring DispatcherServlet 'dispatcherServlet'
04:24:39 INFO  Initializing Servlet 'dispatcherServlet'
04:24:39 INFO  Completed initialization in 2 ms
04:24:39 INFO  POST /api/usuarios - Solicitud para registrar un nuevo usuario: sska@ferreteria.com
04:24:39 INFO  Iniciando guardado de nuevo usuario. Email: sska@ferreteria.com
04:24:40 INFO  Usuario registrado exitosamente con ID: 11
04:29:15 INFO  Resolving eureka endpoints via configuration
04:32:15 INFO  Unregistering application USUARIO-SERVICE with eureka with status DOWN
04:32:15 INFO  Saw local status change event StatusChangeEvent [timestamp=1783917135519, current=DOWN, previous=UP]
04:32:15 INFO  DiscoveryClient_USUARIO-SERVICE/usuario-service:9092: registering service...
04:32:15 INFO  DiscoveryClient_USUARIO-SERVICE/usuario-service:9092 - registration status: 204
04:32:15 INFO  Commencing graceful shutdown. Waiting for active requests to complete
04:32:15 INFO  Graceful shutdown complete
04:32:15 INFO  Closing JPA EntityManagerFactory for persistence unit 'default'
04:32:15 INFO  HikariPool-1 - Shutdown initiated...
04:32:15 INFO  HikariPool-1 - Shutdown completed.
04:32:15 INFO  Shutting down DiscoveryClient ...
04:32:18 INFO  Unregistering ...
04:32:18 WARN  task supervisor shutting down, can't accept the task
04:32:18 INFO  DiscoveryClient_USUARIO-SERVICE/usuario-service:9092 - deregister  status: 200
04:32:18 INFO  Completed shut down of DiscoveryClient
05:52:50 INFO  Starting UsuarioServiceApplication v0.0.1-SNAPSHOT using Java 21.0.11 with PID 1 (/app/app.jar started by root in /app)
05:52:50 INFO  No active profile set, falling back to 1 default profile: "default"
05:52:59 INFO  Bootstrapping Spring Data JPA repositories in DEFAULT mode.
05:53:00 INFO  Finished Spring Data repository scanning in 826 ms. Found 1 JPA repository interface.
05:53:02 INFO  BeanFactory id=58cd9558-8524-3e95-b656-08cbac7f73a5
05:53:04 INFO  Tomcat initialized with port 9092 (http)
05:53:04 INFO  Starting service [Tomcat]
05:53:04 INFO  Starting Servlet engine: [Apache Tomcat/11.0.20]
05:53:04 INFO  Root WebApplicationContext: initialization completed in 13929 ms
05:53:06 INFO  HikariPool-1 - Starting...
05:53:08 INFO  HikariPool-1 - Added connection com.mysql.cj.jdbc.ConnectionImpl@7eae55
05:53:08 INFO  HikariPool-1 - Start completed.
05:53:13 INFO  Creating database changelog table with name: db_usuarios.databasechangelog
05:53:13 INFO  Reading from db_usuarios.databasechangelog
05:53:13 INFO  Creating snapshot
05:53:13 INFO  Name 'PK_DATABASECHANGELOGLOCK' ignored for PRIMARY key.
05:53:14 INFO  Successfully acquired change log lock
05:53:14 INFO  Using deploymentId: 3921986146
05:53:14 INFO  Reading from db_usuarios.databasechangelog
05:53:14 INFO  Running Changeset: db/changelog/db.changelog.sql::1::hector
05:53:14 INFO  Custom SQL executed
05:53:14 INFO  ChangeSet db/changelog/db.changelog.sql::1::hector ran successfully in 124ms
05:53:14 INFO  Running Changeset: db/changelog/db.changelog.sql::2::hector
05:53:14 INFO  Custom SQL executed
05:53:14 INFO  ChangeSet db/changelog/db.changelog.sql::2::hector ran successfully in 59ms
05:53:14 INFO  UPDATE SUMMARY
05:53:14 INFO  Run:                          2
05:53:14 INFO  Previously run:               0
05:53:14 INFO  Filtered out:                 0
05:53:14 INFO  -------------------------------
05:53:14 INFO  Total change sets:            2
05:53:14 INFO  Update summary generated
05:53:14 INFO  Update command completed successfully.
05:53:14 INFO  Liquibase: Update has been successful. Rows affected: 10
05:53:14 INFO  Successfully released change log lock
05:53:14 INFO  Command execution complete
05:53:15 INFO  HHH008540: Processing PersistenceUnitInfo [name: default]
05:53:15 INFO  HHH000001: Hibernate ORM core version 7.2.7.Final
05:53:17 INFO  No LoadTimeWeaver setup: ignoring JPA class transformer
05:53:18 WARN  HHH000511: The 5.5.5 version for [org.hibernate.dialect.MySQLDialect] is no longer supported, hence certain features may not work properly.The minimum supported version is 8.0.0. Check the community dialects project for available legacy versions.
05:53:18 INFO  HHH10001005: Database info:
	Database JDBC URL [jdbc:mysql://host.docker.internal:3306/db_usuarios?useSSL=false&serverTimezone=UTC&createDatabaseIfNotExist=true&autoReconnect=true&socketTimeout=10000&connectTimeout=10000]
	Database driver: MySQL Connector/J
	Database dialect: MySQLDialect
	Database version: 5.5.5
	Default catalog/schema: db_usuarios/undefined
	Autocommit mode: undefined/unknown
	Isolation level: REPEATABLE_READ [default REPEATABLE_READ]
	JDBC fetch size: none
	Pool: DataSourceConnectionProvider
	Minimum pool size: undefined/unknown
	Maximum pool size: undefined/unknown
05:53:21 INFO  HHH000489: No JTA platform available (set 'hibernate.transaction.jta.platform' to enable JTA platform integration)
05:53:21 INFO  Initialized JPA EntityManagerFactory for persistence unit 'default'
05:53:21 INFO  Hibernate is in classpath; If applicable, HQL parser will be used.
05:53:23 WARN  spring.jpa.open-in-view is enabled by default. Therefore, database queries may be performed during view rendering. Explicitly configure spring.jpa.open-in-view to disable this warning
05:53:26 INFO  Eureka HTTP Client uses RestClient.
05:53:27 WARN  Spring Cloud LoadBalancer is currently working with the default cache. While this cache implementation is useful for development and tests, it's recommended to use Caffeine cache in production.You can switch to using Caffeine cache, by adding it and org.springframework.cache.caffeine.CaffeineCacheManager to the classpath.
05:53:27 INFO  Setting initial instance status as: STARTING
05:53:27 INFO  Initializing Eureka in region us-east-1
05:53:27 INFO  Resolving eureka endpoints via configuration
05:53:27 INFO  Disable delta property : false
05:53:27 INFO  Single vip registry refresh property : null
05:53:27 INFO  Force full registry fetch : false
05:53:27 INFO  Application is null : false
05:53:27 INFO  Registered Applications size is zero : true
05:53:27 INFO  Application version is -1: true
05:53:27 INFO  Getting all instance registry info from the eureka server
05:53:28 INFO  The response status is 200
05:53:28 INFO  Starting heartbeat executor: renew interval is: 30
05:53:28 INFO  InstanceInfoReplicator onDemand update allowed rate per min is 4
05:53:28 INFO  Discovery Client initialized at timestamp 1783922008366 with initial instances count: 1
05:53:28 INFO  Registering application USUARIO-SERVICE with eureka with status UP
05:53:28 INFO  Saw local status change event StatusChangeEvent [timestamp=1783922008378, current=UP, previous=STARTING]
05:53:28 INFO  DiscoveryClient_USUARIO-SERVICE/usuario-service:9092: registering service...
05:53:28 INFO  Tomcat started on port 9092 (http) with context path '/'
05:53:28 INFO  Updating port to 9092
05:53:28 INFO  Started UsuarioServiceApplication in 42.325 seconds (process running for 46.748)
05:53:28 WARN  SpringDoc /api/usuarios/v3/api-docs endpoint is enabled by default. To disable it in production, set the property 'springdoc.api-docs.enabled=false'
05:53:28 WARN  SpringDoc /swagger-ui.html endpoint is enabled by default. To disable it in production, set the property 'springdoc.swagger-ui.enabled=false'
05:53:28 INFO  DiscoveryClient_USUARIO-SERVICE/usuario-service:9092 - registration status: 204
05:58:27 INFO  Resolving eureka endpoints via configuration
06:02:58 INFO  Unregistering application USUARIO-SERVICE with eureka with status DOWN
06:02:58 INFO  Saw local status change event StatusChangeEvent [timestamp=1783922578198, current=DOWN, previous=UP]
06:02:58 INFO  DiscoveryClient_USUARIO-SERVICE/usuario-service:9092: registering service...
06:02:58 INFO  Commencing graceful shutdown. Waiting for active requests to complete
06:02:58 INFO  DiscoveryClient_USUARIO-SERVICE/usuario-service:9092 - registration status: 204
06:02:58 INFO  Graceful shutdown complete
06:02:58 INFO  Closing JPA EntityManagerFactory for persistence unit 'default'
06:02:58 INFO  HikariPool-1 - Shutdown initiated...
06:02:58 INFO  HikariPool-1 - Shutdown completed.
06:02:58 INFO  Shutting down DiscoveryClient ...
06:03:01 INFO  Unregistering ...
06:03:01 WARN  task supervisor shutting down, can't accept the task
06:03:01 INFO  DiscoveryClient_USUARIO-SERVICE/usuario-service:9092 - deregister  status: 200
06:03:01 INFO  Completed shut down of DiscoveryClient
